[0.058s] Invoking command in '/home/admin/Documents/GitHub/PRA400-UiA-Moition-Lab-Digital-Twin/ROS2ADS/build/ads': /usr/bin/cmake /home/admin/Documents/GitHub/PRA400-UiA-Moition-Lab-Digital-Twin/ROS2ADS/ADS -DCMAKE_INSTALL_PREFIX=/home/admin/Documents/GitHub/PRA400-UiA-Moition-Lab-Digital-Twin/ROS2ADS/install/ads
[0.180s] -- The C compiler identification is GNU 11.4.0
[0.255s] -- The CXX compiler identification is GNU 11.4.0
[0.264s] -- Detecting C compiler ABI info
[0.379s] -- Detecting C compiler ABI info - done
[0.389s] -- Check for working C compiler: /usr/bin/cc - skipped
[0.389s] -- Detecting C compile features
[0.389s] -- Detecting C compile features - done
[0.394s] -- Detecting CXX compiler ABI info
[0.521s] -- Detecting CXX compiler ABI info - done
[0.530s] -- Check for working CXX compiler: /usr/bin/c++ - skipped
[0.530s] -- Detecting CXX compile features
[0.530s] -- Detecting CXX compile features - done
[0.534s] -- Looking for pthread.h
[0.661s] -- Looking for pthread.h - found
[0.661s] -- Performing Test CMAKE_HAVE_LIBC_PTHREAD
[0.789s] -- Performing Test CMAKE_HAVE_LIBC_PTHREAD - Success
[0.791s] -- Found Threads: TRUE  
[0.792s] -- Configuring done
[0.799s] -- Generating done
[0.804s] -- Build files have been written to: /home/admin/Documents/GitHub/PRA400-UiA-Moition-Lab-Digital-Twin/ROS2ADS/build/ads
[0.805s] Invoked command in '/home/admin/Documents/GitHub/PRA400-UiA-Moition-Lab-Digital-Twin/ROS2ADS/build/ads' returned '0': /usr/bin/cmake /home/admin/Documents/GitHub/PRA400-UiA-Moition-Lab-Digital-Twin/ROS2ADS/ADS -DCMAKE_INSTALL_PREFIX=/home/admin/Documents/GitHub/PRA400-UiA-Moition-Lab-Digital-Twin/ROS2ADS/install/ads
[0.808s] Invoking command in '/home/admin/Documents/GitHub/PRA400-UiA-Moition-Lab-Digital-Twin/ROS2ADS/build/ads': /usr/bin/cmake --build /home/admin/Documents/GitHub/PRA400-UiA-Moition-Lab-Digital-Twin/ROS2ADS/build/ads -- -j8 -l8
[0.919s] [ 14%] [32mBuilding CXX object AdsLib/CMakeFiles/ads.dir/AdsDef.cpp.o[0m
[0.919s] [ 14%] [32mBuilding CXX object AdsLib/CMakeFiles/ads.dir/AdsFile.cpp.o[0m
[0.919s] [ 19%] [32mBuilding CXX object AdsLib/CMakeFiles/ads.dir/AdsLib.cpp.o[0m
[0.919s] [ 19%] [32mBuilding CXX object AdsLib/CMakeFiles/ads.dir/Frame.cpp.o[0m
[0.919s] [ 23%] [32mBuilding CXX object AdsLib/CMakeFiles/ads.dir/LicenseAccess.cpp.o[0m
[0.919s] [ 28%] [32mBuilding CXX object AdsLib/CMakeFiles/ads.dir/RouterAccess.cpp.o[0m
[0.924s] [ 33%] [32mBuilding CXX object AdsLib/CMakeFiles/ads.dir/AdsDevice.cpp.o[0m
[0.932s] [ 38%] [32mBuilding CXX object AdsLib/CMakeFiles/ads.dir/Log.cpp.o[0m
[1.145s] [ 42%] [32mBuilding CXX object AdsLib/CMakeFiles/ads.dir/RTimeAccess.cpp.o[0m
[1.163s] [ 47%] [32mBuilding CXX object AdsLib/CMakeFiles/ads.dir/Sockets.cpp.o[0m
[1.221s] [ 52%] [32mBuilding CXX object AdsLib/CMakeFiles/ads.dir/standalone/AdsLib.cpp.o[0m
[1.222s] [ 57%] [32mBuilding CXX object AdsLib/CMakeFiles/ads.dir/standalone/AmsConnection.cpp.o[0m
[1.245s] [ 61%] [32mBuilding CXX object AdsLib/CMakeFiles/ads.dir/standalone/AmsNetId.cpp.o[0m
[1.316s] [ 66%] [32mBuilding CXX object AdsLib/CMakeFiles/ads.dir/standalone/AmsPort.cpp.o[0m
[1.320s] [ 71%] [32mBuilding CXX object AdsLib/CMakeFiles/ads.dir/standalone/AmsRouter.cpp.o[0m
[1.422s] [ 76%] [32mBuilding CXX object AdsLib/CMakeFiles/ads.dir/standalone/NotificationDispatcher.cpp.o[0m
[1.940s] [ 80%] [32m[1mLinking CXX shared library libads.so[0m
[2.097s] [ 80%] Built target ads
[2.146s] [ 85%] [32mBuilding CXX object AdsLibTest/CMakeFiles/AdsLibTest.bin.dir/main.cpp.o[0m
[2.146s] [ 90%] [32mBuilding CXX object example/CMakeFiles/example.bin.dir/example.cpp.o[0m
[2.475s] [ 95%] [32m[1mLinking CXX executable example.bin[0m
[2.615s] [ 95%] Built target example.bin
[3.304s] [100%] [32m[1mLinking CXX executable AdsLibTest.bin[0m
[3.448s] [100%] Built target AdsLibTest.bin
[3.469s] Invoked command in '/home/admin/Documents/GitHub/PRA400-UiA-Moition-Lab-Digital-Twin/ROS2ADS/build/ads' returned '0': /usr/bin/cmake --build /home/admin/Documents/GitHub/PRA400-UiA-Moition-Lab-Digital-Twin/ROS2ADS/build/ads -- -j8 -l8
