[ 50%] [32mBuilding CXX object CMakeFiles/em1500_node.dir/src/em1500_ads_node.cpp.o[0m
[100%] [32m[1mLinking CXX executable em1500_node[0m
[100%] Built target em1500_node
-- Install configuration: ""
-- Execute custom install script
-- Up-to-date symlink: /home/admin/Documents/GitHub/PRA400-UiA-Moition-Lab-Digital-Twin/ROS2ADS/install/em1500_ads_bridge/lib/em1500_ads_bridge/em1500_node
-- Up-to-date symlink: /home/admin/Documents/GitHub/PRA400-UiA-Moition-Lab-Digital-Twin/ROS2ADS/install/em1500_ads_bridge/share/ament_index/resource_index/package_run_dependencies/em1500_ads_bridge
-- Up-to-date symlink: /home/admin/Documents/GitHub/PRA400-UiA-Moition-Lab-Digital-Twin/ROS2ADS/install/em1500_ads_bridge/share/ament_index/resource_index/parent_prefix_path/em1500_ads_bridge
-- Up-to-date symlink: /home/admin/Documents/GitHub/PRA400-UiA-Moition-Lab-Digital-Twin/ROS2ADS/install/em1500_ads_bridge/share/em1500_ads_bridge/environment/ament_prefix_path.sh
-- Up-to-date symlink: /home/admin/Documents/GitHub/PRA400-UiA-Moition-Lab-Digital-Twin/ROS2ADS/install/em1500_ads_bridge/share/em1500_ads_bridge/environment/ament_prefix_path.dsv
-- Up-to-date symlink: /home/admin/Documents/GitHub/PRA400-UiA-Moition-Lab-Digital-Twin/ROS2ADS/install/em1500_ads_bridge/share/em1500_ads_bridge/environment/path.sh
-- Up-to-date symlink: /home/admin/Documents/GitHub/PRA400-UiA-Moition-Lab-Digital-Twin/ROS2ADS/install/em1500_ads_bridge/share/em1500_ads_bridge/environment/path.dsv
-- Up-to-date symlink: /home/admin/Documents/GitHub/PRA400-UiA-Moition-Lab-Digital-Twin/ROS2ADS/install/em1500_ads_bridge/share/em1500_ads_bridge/local_setup.bash
-- Up-to-date symlink: /home/admin/Documents/GitHub/PRA400-UiA-Moition-Lab-Digital-Twin/ROS2ADS/install/em1500_ads_bridge/share/em1500_ads_bridge/local_setup.sh
-- Up-to-date symlink: /home/admin/Documents/GitHub/PRA400-UiA-Moition-Lab-Digital-Twin/ROS2ADS/install/em1500_ads_bridge/share/em1500_ads_bridge/local_setup.zsh
-- Up-to-date symlink: /home/admin/Documents/GitHub/PRA400-UiA-Moition-Lab-Digital-Twin/ROS2ADS/install/em1500_ads_bridge/share/em1500_ads_bridge/local_setup.dsv
-- Symlinking: /home/admin/Documents/GitHub/PRA400-UiA-Moition-Lab-Digital-Twin/ROS2ADS/install/em1500_ads_bridge/share/em1500_ads_bridge/package.dsv
-- Up-to-date symlink: /home/admin/Documents/GitHub/PRA400-UiA-Moition-Lab-Digital-Twin/ROS2ADS/install/em1500_ads_bridge/share/ament_index/resource_index/packages/em1500_ads_bridge
-- Up-to-date symlink: /home/admin/Documents/GitHub/PRA400-UiA-Moition-Lab-Digital-Twin/ROS2ADS/install/em1500_ads_bridge/share/em1500_ads_bridge/cmake/em1500_ads_bridgeConfig.cmake
-- Up-to-date symlink: /home/admin/Documents/GitHub/PRA400-UiA-Moition-Lab-Digital-Twin/ROS2ADS/install/em1500_ads_bridge/share/em1500_ads_bridge/cmake/em1500_ads_bridgeConfig-version.cmake
-- Up-to-date symlink: /home/admin/Documents/GitHub/PRA400-UiA-Moition-Lab-Digital-Twin/ROS2ADS/install/em1500_ads_bridge/share/em1500_ads_bridge/package.xml
