[0.234s] DEBUG:colcon:Command line arguments: ['/usr/bin/colcon', 'build']
[0.234s] DEBUG:colcon:Parsed command line arguments: Namespace(log_base=None, log_level=None, verb_name='build', build_base='build', install_base='install', merge_install=False, symlink_install=False, test_result_base=None, continue_on_error=False, executor='parallel', parallel_workers=8, event_handlers=None, ignore_user_meta=False, metas=['./colcon.meta'], base_paths=['.'], packages_ignore=None, packages_ignore_regex=None, paths=None, packages_up_to=None, packages_up_to_regex=None, packages_above=None, packages_above_and_dependencies=None, packages_above_depth=None, packages_select_by_dep=None, packages_skip_by_dep=None, packages_skip_up_to=None, packages_select_build_failed=False, packages_skip_build_finished=False, packages_select_test_failures=False, packages_skip_test_passed=False, packages_select=None, packages_skip=None, packages_select_regex=None, packages_skip_regex=None, packages_start=None, packages_end=None, allow_overriding=[], cmake_args=None, cmake_target=None, cmake_target_skip_unavailable=False, cmake_clean_cache=False, cmake_clean_first=False, cmake_force_configure=False, ament_cmake_args=None, catkin_cmake_args=None, catkin_skip_building_tests=False, mixin_files=None, mixin=None, verb_parser=<colcon_mixin.mixin.mixin_argument.MixinArgumentDecorator object at 0x7b830388dd20>, verb_extension=<colcon_core.verb.build.BuildVerb object at 0x7b830397f310>, main=<bound method BuildVerb.main of <colcon_core.verb.build.BuildVerb object at 0x7b830397f310>>, mixin_verb=('build',))
[0.496s] Level 1:colcon.colcon_core.package_discovery:discover_packages(colcon_meta) check parameters
[0.496s] Level 1:colcon.colcon_core.package_discovery:discover_packages(recursive) check parameters
[0.496s] Level 1:colcon.colcon_core.package_discovery:discover_packages(ignore) check parameters
[0.496s] Level 1:colcon.colcon_core.package_discovery:discover_packages(path) check parameters
[0.496s] Level 1:colcon.colcon_core.package_discovery:discover_packages(colcon_meta) discover
[0.496s] Level 1:colcon.colcon_core.package_discovery:discover_packages(recursive) discover
[0.496s] INFO:colcon.colcon_core.package_discovery:Crawling recursively for packages in '/home/admin/Documents/GitHub/PRA400-UiA-Moition-Lab-Digital-Twin/ROS2ADS'
[0.496s] Level 1:colcon.colcon_core.package_identification:_identify(.) by extensions ['ignore', 'ignore_ament_install']
[0.496s] Level 1:colcon.colcon_core.package_identification:_identify(.) by extension 'ignore'
[0.496s] Level 1:colcon.colcon_core.package_identification:_identify(.) by extension 'ignore_ament_install'
[0.497s] Level 1:colcon.colcon_core.package_identification:_identify(.) by extensions ['colcon_pkg']
[0.497s] Level 1:colcon.colcon_core.package_identification:_identify(.) by extension 'colcon_pkg'
[0.497s] Level 1:colcon.colcon_core.package_identification:_identify(.) by extensions ['colcon_meta']
[0.497s] Level 1:colcon.colcon_core.package_identification:_identify(.) by extension 'colcon_meta'
[0.497s] Level 1:colcon.colcon_core.package_identification:_identify(.) by extensions ['ros']
[0.497s] Level 1:colcon.colcon_core.package_identification:_identify(.) by extension 'ros'
[0.511s] Level 1:colcon.colcon_core.package_identification:_identify(.) by extensions ['cmake', 'python']
[0.511s] Level 1:colcon.colcon_core.package_identification:_identify(.) by extension 'cmake'
[0.511s] Level 1:colcon.colcon_core.package_identification:_identify(.) by extension 'python'
[0.511s] Level 1:colcon.colcon_core.package_identification:_identify(.) by extensions ['python_setup_py']
[0.511s] Level 1:colcon.colcon_core.package_identification:_identify(.) by extension 'python_setup_py'
[0.511s] Level 1:colcon.colcon_core.package_identification:_identify(ADS) by extensions ['ignore', 'ignore_ament_install']
[0.511s] Level 1:colcon.colcon_core.package_identification:_identify(ADS) by extension 'ignore'
[0.511s] Level 1:colcon.colcon_core.package_identification:_identify(ADS) by extension 'ignore_ament_install'
[0.511s] Level 1:colcon.colcon_core.package_identification:_identify(ADS) by extensions ['colcon_pkg']
[0.511s] Level 1:colcon.colcon_core.package_identification:_identify(ADS) by extension 'colcon_pkg'
[0.511s] Level 1:colcon.colcon_core.package_identification:_identify(ADS) by extensions ['colcon_meta']
[0.511s] Level 1:colcon.colcon_core.package_identification:_identify(ADS) by extension 'colcon_meta'
[0.511s] Level 1:colcon.colcon_core.package_identification:_identify(ADS) by extensions ['ros']
[0.511s] Level 1:colcon.colcon_core.package_identification:_identify(ADS) by extension 'ros'
[0.511s] Level 1:colcon.colcon_core.package_identification:_identify(ADS) by extensions ['cmake', 'python']
[0.511s] Level 1:colcon.colcon_core.package_identification:_identify(ADS) by extension 'cmake'
[0.513s] Level 1:colcon.colcon_core.package_identification:_identify(ADS) by extension 'python'
[0.514s] DEBUG:colcon.colcon_core.package_identification:Package 'ADS' with type 'cmake' and name 'ads'
[0.514s] Level 1:colcon.colcon_core.package_identification:_identify(build) by extensions ['ignore', 'ignore_ament_install']
[0.514s] Level 1:colcon.colcon_core.package_identification:_identify(build) by extension 'ignore'
[0.514s] Level 1:colcon.colcon_core.package_identification:_identify(build) ignored
[0.514s] Level 1:colcon.colcon_core.package_identification:_identify(em1500_ads_bridge) by extensions ['ignore', 'ignore_ament_install']
[0.514s] Level 1:colcon.colcon_core.package_identification:_identify(em1500_ads_bridge) by extension 'ignore'
[0.514s] Level 1:colcon.colcon_core.package_identification:_identify(em1500_ads_bridge) by extension 'ignore_ament_install'
[0.514s] Level 1:colcon.colcon_core.package_identification:_identify(em1500_ads_bridge) by extensions ['colcon_pkg']
[0.514s] Level 1:colcon.colcon_core.package_identification:_identify(em1500_ads_bridge) by extension 'colcon_pkg'
[0.514s] Level 1:colcon.colcon_core.package_identification:_identify(em1500_ads_bridge) by extensions ['colcon_meta']
[0.514s] Level 1:colcon.colcon_core.package_identification:_identify(em1500_ads_bridge) by extension 'colcon_meta'
[0.514s] Level 1:colcon.colcon_core.package_identification:_identify(em1500_ads_bridge) by extensions ['ros']
[0.514s] Level 1:colcon.colcon_core.package_identification:_identify(em1500_ads_bridge) by extension 'ros'
[0.516s] DEBUG:colcon.colcon_core.package_identification:Package 'em1500_ads_bridge' with type 'ros.ament_cmake' and name 'em1500_ads_bridge'
[0.516s] Level 1:colcon.colcon_core.package_identification:_identify(install) by extensions ['ignore', 'ignore_ament_install']
[0.516s] Level 1:colcon.colcon_core.package_identification:_identify(install) by extension 'ignore'
[0.516s] Level 1:colcon.colcon_core.package_identification:_identify(install) ignored
[0.517s] Level 1:colcon.colcon_core.package_identification:_identify(log) by extensions ['ignore', 'ignore_ament_install']
[0.517s] Level 1:colcon.colcon_core.package_identification:_identify(log) by extension 'ignore'
[0.517s] Level 1:colcon.colcon_core.package_identification:_identify(log) ignored
[0.517s] Level 1:colcon.colcon_core.package_discovery:discover_packages(recursive) using defaults
[0.517s] Level 1:colcon.colcon_core.package_discovery:discover_packages(ignore) discover
[0.517s] Level 1:colcon.colcon_core.package_discovery:discover_packages(ignore) using defaults
[0.517s] Level 1:colcon.colcon_core.package_discovery:discover_packages(path) discover
[0.517s] Level 1:colcon.colcon_core.package_discovery:discover_packages(path) using defaults
[0.574s] Level 1:colcon.colcon_core.package_discovery:discover_packages(prefix_path) check parameters
[0.574s] Level 1:colcon.colcon_core.package_discovery:discover_packages(prefix_path) discover
[0.585s] DEBUG:colcon.colcon_installed_package_information.package_discovery:Found 2 installed packages in /home/admin/Documents/GitHub/PRA400-UiA-Moition-Lab-Digital-Twin/ROS2ADS/install
[0.585s] DEBUG:colcon.colcon_installed_package_information.package_discovery:Found 2 installed packages in /home/admin/Documents/GitHub/PRA400-UiA-Moition-Lab-Digital-Twin/ROS2ADS/em1500_ads_bridge/install
[0.586s] DEBUG:colcon.colcon_installed_package_information.package_discovery:Found 2 installed packages in /home/admin/Projects/ros2-ads/em1500_ads_bridge/install
[0.596s] DEBUG:colcon.colcon_installed_package_information.package_discovery:Found 347 installed packages in /home/admin/ros2_humble/install
[0.599s] Level 1:colcon.colcon_core.package_discovery:discover_packages(prefix_path) using defaults
[0.628s] Level 5:colcon.colcon_core.verb:set package 'ads' build argument 'cmake_args' from command line to 'None'
[0.628s] Level 5:colcon.colcon_core.verb:set package 'ads' build argument 'cmake_target' from command line to 'None'
[0.628s] Level 5:colcon.colcon_core.verb:set package 'ads' build argument 'cmake_target_skip_unavailable' from command line to 'False'
[0.628s] Level 5:colcon.colcon_core.verb:set package 'ads' build argument 'cmake_clean_cache' from command line to 'False'
[0.628s] Level 5:colcon.colcon_core.verb:set package 'ads' build argument 'cmake_clean_first' from command line to 'False'
[0.628s] Level 5:colcon.colcon_core.verb:set package 'ads' build argument 'cmake_force_configure' from command line to 'False'
[0.628s] Level 5:colcon.colcon_core.verb:set package 'ads' build argument 'ament_cmake_args' from command line to 'None'
[0.628s] Level 5:colcon.colcon_core.verb:set package 'ads' build argument 'catkin_cmake_args' from command line to 'None'
[0.628s] Level 5:colcon.colcon_core.verb:set package 'ads' build argument 'catkin_skip_building_tests' from command line to 'False'
[0.628s] DEBUG:colcon.colcon_core.verb:Building package 'ads' with the following arguments: {'ament_cmake_args': None, 'build_base': '/home/admin/Documents/GitHub/PRA400-UiA-Moition-Lab-Digital-Twin/ROS2ADS/build/ads', 'catkin_cmake_args': None, 'catkin_skip_building_tests': False, 'cmake_args': None, 'cmake_clean_cache': False, 'cmake_clean_first': False, 'cmake_force_configure': False, 'cmake_target': None, 'cmake_target_skip_unavailable': False, 'install_base': '/home/admin/Documents/GitHub/PRA400-UiA-Moition-Lab-Digital-Twin/ROS2ADS/install/ads', 'merge_install': False, 'path': '/home/admin/Documents/GitHub/PRA400-UiA-Moition-Lab-Digital-Twin/ROS2ADS/ADS', 'symlink_install': False, 'test_result_base': None}
[0.628s] Level 5:colcon.colcon_core.verb:set package 'em1500_ads_bridge' build argument 'cmake_args' from command line to 'None'
[0.628s] Level 5:colcon.colcon_core.verb:set package 'em1500_ads_bridge' build argument 'cmake_target' from command line to 'None'
[0.628s] Level 5:colcon.colcon_core.verb:set package 'em1500_ads_bridge' build argument 'cmake_target_skip_unavailable' from command line to 'False'
[0.628s] Level 5:colcon.colcon_core.verb:set package 'em1500_ads_bridge' build argument 'cmake_clean_cache' from command line to 'False'
[0.628s] Level 5:colcon.colcon_core.verb:set package 'em1500_ads_bridge' build argument 'cmake_clean_first' from command line to 'False'
[0.628s] Level 5:colcon.colcon_core.verb:set package 'em1500_ads_bridge' build argument 'cmake_force_configure' from command line to 'False'
[0.628s] Level 5:colcon.colcon_core.verb:set package 'em1500_ads_bridge' build argument 'ament_cmake_args' from command line to 'None'
[0.628s] Level 5:colcon.colcon_core.verb:set package 'em1500_ads_bridge' build argument 'catkin_cmake_args' from command line to 'None'
[0.628s] Level 5:colcon.colcon_core.verb:set package 'em1500_ads_bridge' build argument 'catkin_skip_building_tests' from command line to 'False'
[0.628s] DEBUG:colcon.colcon_core.verb:Building package 'em1500_ads_bridge' with the following arguments: {'ament_cmake_args': None, 'build_base': '/home/admin/Documents/GitHub/PRA400-UiA-Moition-Lab-Digital-Twin/ROS2ADS/build/em1500_ads_bridge', 'catkin_cmake_args': None, 'catkin_skip_building_tests': False, 'cmake_args': None, 'cmake_clean_cache': False, 'cmake_clean_first': False, 'cmake_force_configure': False, 'cmake_target': None, 'cmake_target_skip_unavailable': False, 'install_base': '/home/admin/Documents/GitHub/PRA400-UiA-Moition-Lab-Digital-Twin/ROS2ADS/install/em1500_ads_bridge', 'merge_install': False, 'path': '/home/admin/Documents/GitHub/PRA400-UiA-Moition-Lab-Digital-Twin/ROS2ADS/em1500_ads_bridge', 'symlink_install': False, 'test_result_base': None}
[0.629s] INFO:colcon.colcon_core.executor:Executing jobs using 'parallel' executor
[0.630s] DEBUG:colcon.colcon_parallel_executor.executor.parallel:run_until_complete
[0.630s] INFO:colcon.colcon_cmake.task.cmake.build:Building CMake package in '/home/admin/Documents/GitHub/PRA400-UiA-Moition-Lab-Digital-Twin/ROS2ADS/ADS'
[0.639s] INFO:colcon.colcon_core.plugin_system:Skipping extension 'colcon_core.shell.bat': Not used on non-Windows systems
[0.639s] INFO:colcon.colcon_core.shell:Skip shell extension 'powershell' for command environment: Not usable outside of PowerShell
[0.639s] DEBUG:colcon.colcon_core.shell:Skip shell extension 'dsv' for command environment
[0.663s] INFO:colcon.colcon_ros.task.ament_cmake.build:Building ROS package in '/home/admin/Documents/GitHub/PRA400-UiA-Moition-Lab-Digital-Twin/ROS2ADS/em1500_ads_bridge' with build type 'ament_cmake'
[0.663s] INFO:colcon.colcon_cmake.task.cmake.build:Building CMake package in '/home/admin/Documents/GitHub/PRA400-UiA-Moition-Lab-Digital-Twin/ROS2ADS/em1500_ads_bridge'
[0.664s] INFO:colcon.colcon_core.shell:Skip shell extension 'powershell' for command environment: Not usable outside of PowerShell
[0.664s] DEBUG:colcon.colcon_core.shell:Skip shell extension 'dsv' for command environment
[0.692s] DEBUG:colcon.colcon_core.event_handler.log_command:Invoking command in '/home/admin/Documents/GitHub/PRA400-UiA-Moition-Lab-Digital-Twin/ROS2ADS/build/ads': /usr/bin/cmake --build /home/admin/Documents/GitHub/PRA400-UiA-Moition-Lab-Digital-Twin/ROS2ADS/build/ads -- -j8 -l8
[0.706s] DEBUG:colcon.colcon_core.event_handler.log_command:Invoking command in '/home/admin/Documents/GitHub/PRA400-UiA-Moition-Lab-Digital-Twin/ROS2ADS/build/em1500_ads_bridge': CMAKE_PREFIX_PATH=${CMAKE_PREFIX_PATH}:/home/admin/Projects/ros2-ads/em1500_ads_bridge/install/em1500_ads_bridge:/home/admin/ros2_humble/install/rqt_bag_plugins:/home/admin/ros2_humble/install/rqt_bag:/home/admin/ros2_humble/install/launch_testing_examples:/home/admin/ros2_humble/install/ros2bag:/home/admin/ros2_humble/install/tracetools_test:/home/admin/ros2_humble/install/tracetools_launch:/home/admin/ros2_humble/install/topic_monitor:/home/admin/ros2_humble/install/tf2_tools:/home/admin/ros2_humble/install/examples_tf2_py:/home/admin/ros2_humble/install/tf2_ros_py:/home/admin/ros2_humble/install/sros2:/home/admin/ros2_humble/install/rqt_topic:/home/admin/ros2_humble/install/rqt_srv:/home/admin/ros2_humble/install/rqt_shell:/home/admin/ros2_humble/install/rqt_service_caller:/home/admin/ros2_humble/install/rqt_reconfigure:/home/admin/ros2_humble/install/rqt_py_console:/home/admin/ros2_humble/install/rqt_publisher:/home/admin/ros2_humble/install/rqt_plot:/home/admin/ros2_humble/install/rqt_action:/home/admin/ros2_humble/install/rqt_msg:/home/admin/ros2_humble/install/rqt_console:/home/admin/ros2_humble/install/rqt:/home/admin/ros2_humble/install/rqt_graph:/home/admin/ros2_humble/install/rqt_gui_py:/home/admin/ros2_humble/install/rqt_gui:/home/admin/ros2_humble/install/ros2trace:/home/admin/ros2_humble/install/ros2topic:/home/admin/ros2_humble/install/ros2test:/home/admin/ros2_humble/install/ros2component:/home/admin/ros2_humble/install/ros2param:/home/admin/ros2_humble/install/ros2lifecycle:/home/admin/ros2_humble/install/ros2service:/home/admin/ros2_humble/install/ros2run:/home/admin/ros2_humble/install/ros2plugin:/home/admin/ros2_humble/install/ros2launch:/home/admin/ros2_humble/install/ros2pkg:/home/admin/ros2_humble/install/ros2node:/home/admin/ros2_humble/install/ros2multicast:/home/admin/ros2_humble/install/ros2interface:/home/admin/ros2_humble/install/ros2doctor:/home/admin/ros2_humble/install/ros2action:/home/admin/ros2_humble/install/ros2cli:/home/admin/ros2_humble/install/quality_of_service_demo_py:/home/admin/ros2_humble/install/lifecycle_py:/home/admin/ros2_humble/install/launch_testing_ros:/home/admin/ros2_humble/install/launch_ros:/home/admin/ros2_humble/install/examples_rclpy_pointcloud_publisher:/home/admin/ros2_humble/install/examples_rclpy_minimal_subscriber:/home/admin/ros2_humble/install/examples_rclpy_minimal_service:/home/admin/ros2_humble/install/examples_rclpy_minimal_publisher:/home/admin/ros2_humble/install/examples_rclpy_minimal_client:/home/admin/ros2_humble/install/examples_rclpy_minimal_action_server:/home/admin/ros2_humble/install/examples_rclpy_minimal_action_client:/home/admin/ros2_humble/install/examples_rclpy_guard_conditions:/home/admin/ros2_humble/install/examples_rclpy_executors:/home/admin/ros2_humble/install/demo_nodes_py:/home/admin/ros2_humble/install/camera_info_manager_py:/home/admin/ros2_humble/install/action_tutorials_py:/home/admin/ros2_humble/install/ament_uncrustify:/home/admin/ros2_humble/install/tracetools_trace:/home/admin/ros2_humble/install/tracetools_read:/home/admin/ros2_humble/install/test_tracetools_launch:/home/admin/ros2_humble/install/test_launch_ros:/home/admin/ros2_humble/install/sensor_msgs_py:/home/admin/ros2_humble/install/rpyutils:/home/admin/ros2_humble/install/rosidl_runtime_py:/home/admin/ros2_humble/install/rosidl_cli:/home/admin/ros2_humble/install/launch_pytest:/home/admin/ros2_humble/install/launch_testing:/home/admin/ros2_humble/install/launch_yaml:/home/admin/ros2_humble/install/launch_xml:/home/admin/ros2_humble/install/launch:/home/admin/ros2_humble/install/osrf_pycommon:/home/admin/ros2_humble/install/domain_coordinator:/home/admin/ros2_humble/install/ament_xmllint:/home/admin/ros2_humble/install/ament_pyflakes:/home/admin/ros2_humble/install/ament_pycodestyle:/home/admin/ros2_humble/install/ament_pep257:/home/admin/ros2_humble/install/ament_pclint:/home/admin/ros2_humble/install/ament_package:/home/admin/ros2_humble/install/ament_mypy:/home/admin/ros2_humble/install/ament_lint_cmake:/home/admin/ros2_humble/install/ament_flake8:/home/admin/ros2_humble/install/ament_copyright:/home/admin/ros2_humble/install/ament_lint:/home/admin/ros2_humble/install/ament_index_python:/home/admin/ros2_humble/install/ament_cpplint:/home/admin/ros2_humble/install/ament_cppcheck:/home/admin/ros2_humble/install/ament_clang_tidy:/home/admin/ros2_humble/install/ament_clang_format /usr/bin/cmake --build /home/admin/Documents/GitHub/PRA400-UiA-Moition-Lab-Digital-Twin/ROS2ADS/build/em1500_ads_bridge -- -j8 -l8
[0.880s] DEBUG:colcon.colcon_core.event_handler.log_command:Invoked command in '/home/admin/Documents/GitHub/PRA400-UiA-Moition-Lab-Digital-Twin/ROS2ADS/build/ads' returned '0': /usr/bin/cmake --build /home/admin/Documents/GitHub/PRA400-UiA-Moition-Lab-Digital-Twin/ROS2ADS/build/ads -- -j8 -l8
[0.881s] WARNING:colcon.colcon_cmake.task.cmake.build:Could not run installation step for package 'ads' because it has no 'install' target
[0.881s] Level 1:colcon.colcon_core.environment:create_environment_scripts_only(ads)
[0.889s] Level 1:colcon.colcon_core.environment:checking '/home/admin/Documents/GitHub/PRA400-UiA-Moition-Lab-Digital-Twin/ROS2ADS/install/ads' for CMake module files
[0.889s] Level 1:colcon.colcon_core.environment:checking '/home/admin/Documents/GitHub/PRA400-UiA-Moition-Lab-Digital-Twin/ROS2ADS/install/ads' for CMake config files
[0.890s] Level 1:colcon.colcon_core.environment:checking '/home/admin/Documents/GitHub/PRA400-UiA-Moition-Lab-Digital-Twin/ROS2ADS/install/ads/bin'
[0.890s] Level 1:colcon.colcon_core.environment:checking '/home/admin/Documents/GitHub/PRA400-UiA-Moition-Lab-Digital-Twin/ROS2ADS/install/ads/lib/pkgconfig/ads.pc'
[0.893s] Level 1:colcon.colcon_core.environment:checking '/home/admin/Documents/GitHub/PRA400-UiA-Moition-Lab-Digital-Twin/ROS2ADS/install/ads/lib/python3.10/site-packages'
[0.894s] Level 1:colcon.colcon_core.environment:checking '/home/admin/Documents/GitHub/PRA400-UiA-Moition-Lab-Digital-Twin/ROS2ADS/install/ads/bin'
[0.894s] INFO:colcon.colcon_core.shell:Creating package script '/home/admin/Documents/GitHub/PRA400-UiA-Moition-Lab-Digital-Twin/ROS2ADS/install/ads/share/ads/package.ps1'
[0.895s] INFO:colcon.colcon_core.shell:Creating package descriptor '/home/admin/Documents/GitHub/PRA400-UiA-Moition-Lab-Digital-Twin/ROS2ADS/install/ads/share/ads/package.dsv'
[0.895s] INFO:colcon.colcon_core.shell:Creating package script '/home/admin/Documents/GitHub/PRA400-UiA-Moition-Lab-Digital-Twin/ROS2ADS/install/ads/share/ads/package.sh'
[0.896s] INFO:colcon.colcon_core.shell:Creating package script '/home/admin/Documents/GitHub/PRA400-UiA-Moition-Lab-Digital-Twin/ROS2ADS/install/ads/share/ads/package.bash'
[0.897s] INFO:colcon.colcon_core.shell:Creating package script '/home/admin/Documents/GitHub/PRA400-UiA-Moition-Lab-Digital-Twin/ROS2ADS/install/ads/share/ads/package.zsh'
[0.897s] Level 1:colcon.colcon_core.environment:create_file_with_runtime_dependencies(/home/admin/Documents/GitHub/PRA400-UiA-Moition-Lab-Digital-Twin/ROS2ADS/install/ads/share/colcon-core/packages/ads)
[5.414s] DEBUG:colcon.colcon_core.event_handler.log_command:Invoked command in '/home/admin/Documents/GitHub/PRA400-UiA-Moition-Lab-Digital-Twin/ROS2ADS/build/em1500_ads_bridge' returned '0': CMAKE_PREFIX_PATH=${CMAKE_PREFIX_PATH}:/home/admin/Projects/ros2-ads/em1500_ads_bridge/install/em1500_ads_bridge:/home/admin/ros2_humble/install/rqt_bag_plugins:/home/admin/ros2_humble/install/rqt_bag:/home/admin/ros2_humble/install/launch_testing_examples:/home/admin/ros2_humble/install/ros2bag:/home/admin/ros2_humble/install/tracetools_test:/home/admin/ros2_humble/install/tracetools_launch:/home/admin/ros2_humble/install/topic_monitor:/home/admin/ros2_humble/install/tf2_tools:/home/admin/ros2_humble/install/examples_tf2_py:/home/admin/ros2_humble/install/tf2_ros_py:/home/admin/ros2_humble/install/sros2:/home/admin/ros2_humble/install/rqt_topic:/home/admin/ros2_humble/install/rqt_srv:/home/admin/ros2_humble/install/rqt_shell:/home/admin/ros2_humble/install/rqt_service_caller:/home/admin/ros2_humble/install/rqt_reconfigure:/home/admin/ros2_humble/install/rqt_py_console:/home/admin/ros2_humble/install/rqt_publisher:/home/admin/ros2_humble/install/rqt_plot:/home/admin/ros2_humble/install/rqt_action:/home/admin/ros2_humble/install/rqt_msg:/home/admin/ros2_humble/install/rqt_console:/home/admin/ros2_humble/install/rqt:/home/admin/ros2_humble/install/rqt_graph:/home/admin/ros2_humble/install/rqt_gui_py:/home/admin/ros2_humble/install/rqt_gui:/home/admin/ros2_humble/install/ros2trace:/home/admin/ros2_humble/install/ros2topic:/home/admin/ros2_humble/install/ros2test:/home/admin/ros2_humble/install/ros2component:/home/admin/ros2_humble/install/ros2param:/home/admin/ros2_humble/install/ros2lifecycle:/home/admin/ros2_humble/install/ros2service:/home/admin/ros2_humble/install/ros2run:/home/admin/ros2_humble/install/ros2plugin:/home/admin/ros2_humble/install/ros2launch:/home/admin/ros2_humble/install/ros2pkg:/home/admin/ros2_humble/install/ros2node:/home/admin/ros2_humble/install/ros2multicast:/home/admin/ros2_humble/install/ros2interface:/home/admin/ros2_humble/install/ros2doctor:/home/admin/ros2_humble/install/ros2action:/home/admin/ros2_humble/install/ros2cli:/home/admin/ros2_humble/install/quality_of_service_demo_py:/home/admin/ros2_humble/install/lifecycle_py:/home/admin/ros2_humble/install/launch_testing_ros:/home/admin/ros2_humble/install/launch_ros:/home/admin/ros2_humble/install/examples_rclpy_pointcloud_publisher:/home/admin/ros2_humble/install/examples_rclpy_minimal_subscriber:/home/admin/ros2_humble/install/examples_rclpy_minimal_service:/home/admin/ros2_humble/install/examples_rclpy_minimal_publisher:/home/admin/ros2_humble/install/examples_rclpy_minimal_client:/home/admin/ros2_humble/install/examples_rclpy_minimal_action_server:/home/admin/ros2_humble/install/examples_rclpy_minimal_action_client:/home/admin/ros2_humble/install/examples_rclpy_guard_conditions:/home/admin/ros2_humble/install/examples_rclpy_executors:/home/admin/ros2_humble/install/demo_nodes_py:/home/admin/ros2_humble/install/camera_info_manager_py:/home/admin/ros2_humble/install/action_tutorials_py:/home/admin/ros2_humble/install/ament_uncrustify:/home/admin/ros2_humble/install/tracetools_trace:/home/admin/ros2_humble/install/tracetools_read:/home/admin/ros2_humble/install/test_tracetools_launch:/home/admin/ros2_humble/install/test_launch_ros:/home/admin/ros2_humble/install/sensor_msgs_py:/home/admin/ros2_humble/install/rpyutils:/home/admin/ros2_humble/install/rosidl_runtime_py:/home/admin/ros2_humble/install/rosidl_cli:/home/admin/ros2_humble/install/launch_pytest:/home/admin/ros2_humble/install/launch_testing:/home/admin/ros2_humble/install/launch_yaml:/home/admin/ros2_humble/install/launch_xml:/home/admin/ros2_humble/install/launch:/home/admin/ros2_humble/install/osrf_pycommon:/home/admin/ros2_humble/install/domain_coordinator:/home/admin/ros2_humble/install/ament_xmllint:/home/admin/ros2_humble/install/ament_pyflakes:/home/admin/ros2_humble/install/ament_pycodestyle:/home/admin/ros2_humble/install/ament_pep257:/home/admin/ros2_humble/install/ament_pclint:/home/admin/ros2_humble/install/ament_package:/home/admin/ros2_humble/install/ament_mypy:/home/admin/ros2_humble/install/ament_lint_cmake:/home/admin/ros2_humble/install/ament_flake8:/home/admin/ros2_humble/install/ament_copyright:/home/admin/ros2_humble/install/ament_lint:/home/admin/ros2_humble/install/ament_index_python:/home/admin/ros2_humble/install/ament_cpplint:/home/admin/ros2_humble/install/ament_cppcheck:/home/admin/ros2_humble/install/ament_clang_tidy:/home/admin/ros2_humble/install/ament_clang_format /usr/bin/cmake --build /home/admin/Documents/GitHub/PRA400-UiA-Moition-Lab-Digital-Twin/ROS2ADS/build/em1500_ads_bridge -- -j8 -l8
[5.431s] DEBUG:colcon.colcon_core.event_handler.log_command:Invoking command in '/home/admin/Documents/GitHub/PRA400-UiA-Moition-Lab-Digital-Twin/ROS2ADS/build/em1500_ads_bridge': CMAKE_PREFIX_PATH=${CMAKE_PREFIX_PATH}:/home/admin/Projects/ros2-ads/em1500_ads_bridge/install/em1500_ads_bridge:/home/admin/ros2_humble/install/rqt_bag_plugins:/home/admin/ros2_humble/install/rqt_bag:/home/admin/ros2_humble/install/launch_testing_examples:/home/admin/ros2_humble/install/ros2bag:/home/admin/ros2_humble/install/tracetools_test:/home/admin/ros2_humble/install/tracetools_launch:/home/admin/ros2_humble/install/topic_monitor:/home/admin/ros2_humble/install/tf2_tools:/home/admin/ros2_humble/install/examples_tf2_py:/home/admin/ros2_humble/install/tf2_ros_py:/home/admin/ros2_humble/install/sros2:/home/admin/ros2_humble/install/rqt_topic:/home/admin/ros2_humble/install/rqt_srv:/home/admin/ros2_humble/install/rqt_shell:/home/admin/ros2_humble/install/rqt_service_caller:/home/admin/ros2_humble/install/rqt_reconfigure:/home/admin/ros2_humble/install/rqt_py_console:/home/admin/ros2_humble/install/rqt_publisher:/home/admin/ros2_humble/install/rqt_plot:/home/admin/ros2_humble/install/rqt_action:/home/admin/ros2_humble/install/rqt_msg:/home/admin/ros2_humble/install/rqt_console:/home/admin/ros2_humble/install/rqt:/home/admin/ros2_humble/install/rqt_graph:/home/admin/ros2_humble/install/rqt_gui_py:/home/admin/ros2_humble/install/rqt_gui:/home/admin/ros2_humble/install/ros2trace:/home/admin/ros2_humble/install/ros2topic:/home/admin/ros2_humble/install/ros2test:/home/admin/ros2_humble/install/ros2component:/home/admin/ros2_humble/install/ros2param:/home/admin/ros2_humble/install/ros2lifecycle:/home/admin/ros2_humble/install/ros2service:/home/admin/ros2_humble/install/ros2run:/home/admin/ros2_humble/install/ros2plugin:/home/admin/ros2_humble/install/ros2launch:/home/admin/ros2_humble/install/ros2pkg:/home/admin/ros2_humble/install/ros2node:/home/admin/ros2_humble/install/ros2multicast:/home/admin/ros2_humble/install/ros2interface:/home/admin/ros2_humble/install/ros2doctor:/home/admin/ros2_humble/install/ros2action:/home/admin/ros2_humble/install/ros2cli:/home/admin/ros2_humble/install/quality_of_service_demo_py:/home/admin/ros2_humble/install/lifecycle_py:/home/admin/ros2_humble/install/launch_testing_ros:/home/admin/ros2_humble/install/launch_ros:/home/admin/ros2_humble/install/examples_rclpy_pointcloud_publisher:/home/admin/ros2_humble/install/examples_rclpy_minimal_subscriber:/home/admin/ros2_humble/install/examples_rclpy_minimal_service:/home/admin/ros2_humble/install/examples_rclpy_minimal_publisher:/home/admin/ros2_humble/install/examples_rclpy_minimal_client:/home/admin/ros2_humble/install/examples_rclpy_minimal_action_server:/home/admin/ros2_humble/install/examples_rclpy_minimal_action_client:/home/admin/ros2_humble/install/examples_rclpy_guard_conditions:/home/admin/ros2_humble/install/examples_rclpy_executors:/home/admin/ros2_humble/install/demo_nodes_py:/home/admin/ros2_humble/install/camera_info_manager_py:/home/admin/ros2_humble/install/action_tutorials_py:/home/admin/ros2_humble/install/ament_uncrustify:/home/admin/ros2_humble/install/tracetools_trace:/home/admin/ros2_humble/install/tracetools_read:/home/admin/ros2_humble/install/test_tracetools_launch:/home/admin/ros2_humble/install/test_launch_ros:/home/admin/ros2_humble/install/sensor_msgs_py:/home/admin/ros2_humble/install/rpyutils:/home/admin/ros2_humble/install/rosidl_runtime_py:/home/admin/ros2_humble/install/rosidl_cli:/home/admin/ros2_humble/install/launch_pytest:/home/admin/ros2_humble/install/launch_testing:/home/admin/ros2_humble/install/launch_yaml:/home/admin/ros2_humble/install/launch_xml:/home/admin/ros2_humble/install/launch:/home/admin/ros2_humble/install/osrf_pycommon:/home/admin/ros2_humble/install/domain_coordinator:/home/admin/ros2_humble/install/ament_xmllint:/home/admin/ros2_humble/install/ament_pyflakes:/home/admin/ros2_humble/install/ament_pycodestyle:/home/admin/ros2_humble/install/ament_pep257:/home/admin/ros2_humble/install/ament_pclint:/home/admin/ros2_humble/install/ament_package:/home/admin/ros2_humble/install/ament_mypy:/home/admin/ros2_humble/install/ament_lint_cmake:/home/admin/ros2_humble/install/ament_flake8:/home/admin/ros2_humble/install/ament_copyright:/home/admin/ros2_humble/install/ament_lint:/home/admin/ros2_humble/install/ament_index_python:/home/admin/ros2_humble/install/ament_cpplint:/home/admin/ros2_humble/install/ament_cppcheck:/home/admin/ros2_humble/install/ament_clang_tidy:/home/admin/ros2_humble/install/ament_clang_format /usr/bin/cmake --install /home/admin/Documents/GitHub/PRA400-UiA-Moition-Lab-Digital-Twin/ROS2ADS/build/em1500_ads_bridge
[5.467s] Level 1:colcon.colcon_core.environment:create_environment_scripts_only(em1500_ads_bridge)
[5.468s] Level 1:colcon.colcon_core.environment:checking '/home/admin/Documents/GitHub/PRA400-UiA-Moition-Lab-Digital-Twin/ROS2ADS/install/em1500_ads_bridge' for CMake module files
[5.468s] DEBUG:colcon.colcon_core.event_handler.log_command:Invoked command in '/home/admin/Documents/GitHub/PRA400-UiA-Moition-Lab-Digital-Twin/ROS2ADS/build/em1500_ads_bridge' returned '0': CMAKE_PREFIX_PATH=${CMAKE_PREFIX_PATH}:/home/admin/Projects/ros2-ads/em1500_ads_bridge/install/em1500_ads_bridge:/home/admin/ros2_humble/install/rqt_bag_plugins:/home/admin/ros2_humble/install/rqt_bag:/home/admin/ros2_humble/install/launch_testing_examples:/home/admin/ros2_humble/install/ros2bag:/home/admin/ros2_humble/install/tracetools_test:/home/admin/ros2_humble/install/tracetools_launch:/home/admin/ros2_humble/install/topic_monitor:/home/admin/ros2_humble/install/tf2_tools:/home/admin/ros2_humble/install/examples_tf2_py:/home/admin/ros2_humble/install/tf2_ros_py:/home/admin/ros2_humble/install/sros2:/home/admin/ros2_humble/install/rqt_topic:/home/admin/ros2_humble/install/rqt_srv:/home/admin/ros2_humble/install/rqt_shell:/home/admin/ros2_humble/install/rqt_service_caller:/home/admin/ros2_humble/install/rqt_reconfigure:/home/admin/ros2_humble/install/rqt_py_console:/home/admin/ros2_humble/install/rqt_publisher:/home/admin/ros2_humble/install/rqt_plot:/home/admin/ros2_humble/install/rqt_action:/home/admin/ros2_humble/install/rqt_msg:/home/admin/ros2_humble/install/rqt_console:/home/admin/ros2_humble/install/rqt:/home/admin/ros2_humble/install/rqt_graph:/home/admin/ros2_humble/install/rqt_gui_py:/home/admin/ros2_humble/install/rqt_gui:/home/admin/ros2_humble/install/ros2trace:/home/admin/ros2_humble/install/ros2topic:/home/admin/ros2_humble/install/ros2test:/home/admin/ros2_humble/install/ros2component:/home/admin/ros2_humble/install/ros2param:/home/admin/ros2_humble/install/ros2lifecycle:/home/admin/ros2_humble/install/ros2service:/home/admin/ros2_humble/install/ros2run:/home/admin/ros2_humble/install/ros2plugin:/home/admin/ros2_humble/install/ros2launch:/home/admin/ros2_humble/install/ros2pkg:/home/admin/ros2_humble/install/ros2node:/home/admin/ros2_humble/install/ros2multicast:/home/admin/ros2_humble/install/ros2interface:/home/admin/ros2_humble/install/ros2doctor:/home/admin/ros2_humble/install/ros2action:/home/admin/ros2_humble/install/ros2cli:/home/admin/ros2_humble/install/quality_of_service_demo_py:/home/admin/ros2_humble/install/lifecycle_py:/home/admin/ros2_humble/install/launch_testing_ros:/home/admin/ros2_humble/install/launch_ros:/home/admin/ros2_humble/install/examples_rclpy_pointcloud_publisher:/home/admin/ros2_humble/install/examples_rclpy_minimal_subscriber:/home/admin/ros2_humble/install/examples_rclpy_minimal_service:/home/admin/ros2_humble/install/examples_rclpy_minimal_publisher:/home/admin/ros2_humble/install/examples_rclpy_minimal_client:/home/admin/ros2_humble/install/examples_rclpy_minimal_action_server:/home/admin/ros2_humble/install/examples_rclpy_minimal_action_client:/home/admin/ros2_humble/install/examples_rclpy_guard_conditions:/home/admin/ros2_humble/install/examples_rclpy_executors:/home/admin/ros2_humble/install/demo_nodes_py:/home/admin/ros2_humble/install/camera_info_manager_py:/home/admin/ros2_humble/install/action_tutorials_py:/home/admin/ros2_humble/install/ament_uncrustify:/home/admin/ros2_humble/install/tracetools_trace:/home/admin/ros2_humble/install/tracetools_read:/home/admin/ros2_humble/install/test_tracetools_launch:/home/admin/ros2_humble/install/test_launch_ros:/home/admin/ros2_humble/install/sensor_msgs_py:/home/admin/ros2_humble/install/rpyutils:/home/admin/ros2_humble/install/rosidl_runtime_py:/home/admin/ros2_humble/install/rosidl_cli:/home/admin/ros2_humble/install/launch_pytest:/home/admin/ros2_humble/install/launch_testing:/home/admin/ros2_humble/install/launch_yaml:/home/admin/ros2_humble/install/launch_xml:/home/admin/ros2_humble/install/launch:/home/admin/ros2_humble/install/osrf_pycommon:/home/admin/ros2_humble/install/domain_coordinator:/home/admin/ros2_humble/install/ament_xmllint:/home/admin/ros2_humble/install/ament_pyflakes:/home/admin/ros2_humble/install/ament_pycodestyle:/home/admin/ros2_humble/install/ament_pep257:/home/admin/ros2_humble/install/ament_pclint:/home/admin/ros2_humble/install/ament_package:/home/admin/ros2_humble/install/ament_mypy:/home/admin/ros2_humble/install/ament_lint_cmake:/home/admin/ros2_humble/install/ament_flake8:/home/admin/ros2_humble/install/ament_copyright:/home/admin/ros2_humble/install/ament_lint:/home/admin/ros2_humble/install/ament_index_python:/home/admin/ros2_humble/install/ament_cpplint:/home/admin/ros2_humble/install/ament_cppcheck:/home/admin/ros2_humble/install/ament_clang_tidy:/home/admin/ros2_humble/install/ament_clang_format /usr/bin/cmake --install /home/admin/Documents/GitHub/PRA400-UiA-Moition-Lab-Digital-Twin/ROS2ADS/build/em1500_ads_bridge
[5.469s] Level 1:colcon.colcon_core.environment:checking '/home/admin/Documents/GitHub/PRA400-UiA-Moition-Lab-Digital-Twin/ROS2ADS/install/em1500_ads_bridge' for CMake config files
[5.469s] Level 1:colcon.colcon_core.shell:create_environment_hook('em1500_ads_bridge', 'cmake_prefix_path')
[5.470s] INFO:colcon.colcon_core.shell:Creating environment hook '/home/admin/Documents/GitHub/PRA400-UiA-Moition-Lab-Digital-Twin/ROS2ADS/install/em1500_ads_bridge/share/em1500_ads_bridge/hook/cmake_prefix_path.ps1'
[5.470s] INFO:colcon.colcon_core.shell:Creating environment descriptor '/home/admin/Documents/GitHub/PRA400-UiA-Moition-Lab-Digital-Twin/ROS2ADS/install/em1500_ads_bridge/share/em1500_ads_bridge/hook/cmake_prefix_path.dsv'
[5.471s] INFO:colcon.colcon_core.shell:Creating environment hook '/home/admin/Documents/GitHub/PRA400-UiA-Moition-Lab-Digital-Twin/ROS2ADS/install/em1500_ads_bridge/share/em1500_ads_bridge/hook/cmake_prefix_path.sh'
[5.472s] Level 1:colcon.colcon_core.environment:checking '/home/admin/Documents/GitHub/PRA400-UiA-Moition-Lab-Digital-Twin/ROS2ADS/install/em1500_ads_bridge/lib'
[5.472s] Level 1:colcon.colcon_core.environment:checking '/home/admin/Documents/GitHub/PRA400-UiA-Moition-Lab-Digital-Twin/ROS2ADS/install/em1500_ads_bridge/bin'
[5.472s] Level 1:colcon.colcon_core.environment:checking '/home/admin/Documents/GitHub/PRA400-UiA-Moition-Lab-Digital-Twin/ROS2ADS/install/em1500_ads_bridge/lib/pkgconfig/em1500_ads_bridge.pc'
[5.472s] Level 1:colcon.colcon_core.environment:checking '/home/admin/Documents/GitHub/PRA400-UiA-Moition-Lab-Digital-Twin/ROS2ADS/install/em1500_ads_bridge/lib/python3.10/site-packages'
[5.473s] Level 1:colcon.colcon_core.environment:checking '/home/admin/Documents/GitHub/PRA400-UiA-Moition-Lab-Digital-Twin/ROS2ADS/install/em1500_ads_bridge/bin'
[5.473s] INFO:colcon.colcon_core.shell:Creating package script '/home/admin/Documents/GitHub/PRA400-UiA-Moition-Lab-Digital-Twin/ROS2ADS/install/em1500_ads_bridge/share/em1500_ads_bridge/package.ps1'
[5.473s] INFO:colcon.colcon_core.shell:Creating package descriptor '/home/admin/Documents/GitHub/PRA400-UiA-Moition-Lab-Digital-Twin/ROS2ADS/install/em1500_ads_bridge/share/em1500_ads_bridge/package.dsv'
[5.474s] INFO:colcon.colcon_core.shell:Creating package script '/home/admin/Documents/GitHub/PRA400-UiA-Moition-Lab-Digital-Twin/ROS2ADS/install/em1500_ads_bridge/share/em1500_ads_bridge/package.sh'
[5.475s] INFO:colcon.colcon_core.shell:Creating package script '/home/admin/Documents/GitHub/PRA400-UiA-Moition-Lab-Digital-Twin/ROS2ADS/install/em1500_ads_bridge/share/em1500_ads_bridge/package.bash'
[5.475s] INFO:colcon.colcon_core.shell:Creating package script '/home/admin/Documents/GitHub/PRA400-UiA-Moition-Lab-Digital-Twin/ROS2ADS/install/em1500_ads_bridge/share/em1500_ads_bridge/package.zsh'
[5.475s] Level 1:colcon.colcon_core.environment:create_file_with_runtime_dependencies(/home/admin/Documents/GitHub/PRA400-UiA-Moition-Lab-Digital-Twin/ROS2ADS/install/em1500_ads_bridge/share/colcon-core/packages/em1500_ads_bridge)
[5.476s] Level 1:colcon.colcon_core.environment:create_environment_scripts_only(em1500_ads_bridge)
[5.476s] Level 1:colcon.colcon_core.environment:checking '/home/admin/Documents/GitHub/PRA400-UiA-Moition-Lab-Digital-Twin/ROS2ADS/install/em1500_ads_bridge' for CMake module files
[5.477s] Level 1:colcon.colcon_core.environment:checking '/home/admin/Documents/GitHub/PRA400-UiA-Moition-Lab-Digital-Twin/ROS2ADS/install/em1500_ads_bridge' for CMake config files
[5.477s] Level 1:colcon.colcon_core.shell:create_environment_hook('em1500_ads_bridge', 'cmake_prefix_path')
[5.477s] INFO:colcon.colcon_core.shell:Creating environment hook '/home/admin/Documents/GitHub/PRA400-UiA-Moition-Lab-Digital-Twin/ROS2ADS/install/em1500_ads_bridge/share/em1500_ads_bridge/hook/cmake_prefix_path.ps1'
[5.478s] INFO:colcon.colcon_core.shell:Creating environment descriptor '/home/admin/Documents/GitHub/PRA400-UiA-Moition-Lab-Digital-Twin/ROS2ADS/install/em1500_ads_bridge/share/em1500_ads_bridge/hook/cmake_prefix_path.dsv'
[5.478s] INFO:colcon.colcon_core.shell:Creating environment hook '/home/admin/Documents/GitHub/PRA400-UiA-Moition-Lab-Digital-Twin/ROS2ADS/install/em1500_ads_bridge/share/em1500_ads_bridge/hook/cmake_prefix_path.sh'
[5.479s] Level 1:colcon.colcon_core.environment:checking '/home/admin/Documents/GitHub/PRA400-UiA-Moition-Lab-Digital-Twin/ROS2ADS/install/em1500_ads_bridge/lib'
[5.479s] Level 1:colcon.colcon_core.environment:checking '/home/admin/Documents/GitHub/PRA400-UiA-Moition-Lab-Digital-Twin/ROS2ADS/install/em1500_ads_bridge/bin'
[5.479s] Level 1:colcon.colcon_core.environment:checking '/home/admin/Documents/GitHub/PRA400-UiA-Moition-Lab-Digital-Twin/ROS2ADS/install/em1500_ads_bridge/lib/pkgconfig/em1500_ads_bridge.pc'
[5.479s] Level 1:colcon.colcon_core.environment:checking '/home/admin/Documents/GitHub/PRA400-UiA-Moition-Lab-Digital-Twin/ROS2ADS/install/em1500_ads_bridge/lib/python3.10/site-packages'
[5.479s] Level 1:colcon.colcon_core.environment:checking '/home/admin/Documents/GitHub/PRA400-UiA-Moition-Lab-Digital-Twin/ROS2ADS/install/em1500_ads_bridge/bin'
[5.480s] INFO:colcon.colcon_core.shell:Creating package script '/home/admin/Documents/GitHub/PRA400-UiA-Moition-Lab-Digital-Twin/ROS2ADS/install/em1500_ads_bridge/share/em1500_ads_bridge/package.ps1'
[5.480s] INFO:colcon.colcon_core.shell:Creating package descriptor '/home/admin/Documents/GitHub/PRA400-UiA-Moition-Lab-Digital-Twin/ROS2ADS/install/em1500_ads_bridge/share/em1500_ads_bridge/package.dsv'
[5.480s] INFO:colcon.colcon_core.shell:Creating package script '/home/admin/Documents/GitHub/PRA400-UiA-Moition-Lab-Digital-Twin/ROS2ADS/install/em1500_ads_bridge/share/em1500_ads_bridge/package.sh'
[5.481s] INFO:colcon.colcon_core.shell:Creating package script '/home/admin/Documents/GitHub/PRA400-UiA-Moition-Lab-Digital-Twin/ROS2ADS/install/em1500_ads_bridge/share/em1500_ads_bridge/package.bash'
[5.481s] INFO:colcon.colcon_core.shell:Creating package script '/home/admin/Documents/GitHub/PRA400-UiA-Moition-Lab-Digital-Twin/ROS2ADS/install/em1500_ads_bridge/share/em1500_ads_bridge/package.zsh'
[5.481s] Level 1:colcon.colcon_core.environment:create_file_with_runtime_dependencies(/home/admin/Documents/GitHub/PRA400-UiA-Moition-Lab-Digital-Twin/ROS2ADS/install/em1500_ads_bridge/share/colcon-core/packages/em1500_ads_bridge)
[5.482s] DEBUG:colcon.colcon_parallel_executor.executor.parallel:closing loop
[5.482s] DEBUG:colcon.colcon_parallel_executor.executor.parallel:loop closed
[5.482s] DEBUG:colcon.colcon_parallel_executor.executor.parallel:run_until_complete finished with '0'
[5.482s] DEBUG:colcon.colcon_core.event_reactor:joining thread
[5.498s] INFO:colcon.colcon_core.plugin_system:Skipping extension 'colcon_notification.desktop_notification.terminal_notifier': Not used on non-Darwin systems
[5.498s] INFO:colcon.colcon_core.plugin_system:Skipping extension 'colcon_notification.desktop_notification.win32': Not used on non-Windows systems
[5.498s] INFO:colcon.colcon_notification.desktop_notification:Sending desktop notification using 'notify2'
[5.511s] DEBUG:colcon.colcon_core.event_reactor:joined thread
[5.511s] INFO:colcon.colcon_core.shell:Creating prefix script '/home/admin/Documents/GitHub/PRA400-UiA-Moition-Lab-Digital-Twin/ROS2ADS/install/local_setup.ps1'
[5.512s] INFO:colcon.colcon_core.shell:Creating prefix util module '/home/admin/Documents/GitHub/PRA400-UiA-Moition-Lab-Digital-Twin/ROS2ADS/install/_local_setup_util_ps1.py'
[5.514s] INFO:colcon.colcon_core.shell:Creating prefix chain script '/home/admin/Documents/GitHub/PRA400-UiA-Moition-Lab-Digital-Twin/ROS2ADS/install/setup.ps1'
[5.526s] INFO:colcon.colcon_core.shell:Creating prefix script '/home/admin/Documents/GitHub/PRA400-UiA-Moition-Lab-Digital-Twin/ROS2ADS/install/local_setup.sh'
[5.526s] INFO:colcon.colcon_core.shell:Creating prefix util module '/home/admin/Documents/GitHub/PRA400-UiA-Moition-Lab-Digital-Twin/ROS2ADS/install/_local_setup_util_sh.py'
[5.527s] INFO:colcon.colcon_core.shell:Creating prefix chain script '/home/admin/Documents/GitHub/PRA400-UiA-Moition-Lab-Digital-Twin/ROS2ADS/install/setup.sh'
[5.538s] INFO:colcon.colcon_core.shell:Creating prefix script '/home/admin/Documents/GitHub/PRA400-UiA-Moition-Lab-Digital-Twin/ROS2ADS/install/local_setup.bash'
[5.539s] INFO:colcon.colcon_core.shell:Creating prefix chain script '/home/admin/Documents/GitHub/PRA400-UiA-Moition-Lab-Digital-Twin/ROS2ADS/install/setup.bash'
[5.550s] INFO:colcon.colcon_core.shell:Creating prefix script '/home/admin/Documents/GitHub/PRA400-UiA-Moition-Lab-Digital-Twin/ROS2ADS/install/local_setup.zsh'
[5.551s] INFO:colcon.colcon_core.shell:Creating prefix chain script '/home/admin/Documents/GitHub/PRA400-UiA-Moition-Lab-Digital-Twin/ROS2ADS/install/setup.zsh'
