[0.173s] DEBUG:colcon:Command line arguments: ['/usr/bin/colcon', 'build', '--packages-select', 'ads_example_package']
[0.173s] DEBUG:colcon:Parsed command line arguments: Namespace(log_base=None, log_level=None, verb_name='build', build_base='build', install_base='install', merge_install=False, symlink_install=False, test_result_base=None, continue_on_error=False, executor='parallel', parallel_workers=8, event_handlers=None, ignore_user_meta=False, metas=['./colcon.meta'], base_paths=['.'], packages_ignore=None, packages_ignore_regex=None, paths=None, packages_up_to=None, packages_up_to_regex=None, packages_above=None, packages_above_and_dependencies=None, packages_above_depth=None, packages_select_by_dep=None, packages_skip_by_dep=None, packages_skip_up_to=None, packages_select_build_failed=False, packages_skip_build_finished=False, packages_select_test_failures=False, packages_skip_test_passed=False, packages_select=['ads_example_package'], packages_skip=None, packages_select_regex=None, packages_skip_regex=None, packages_start=None, packages_end=None, allow_overriding=[], cmake_args=None, cmake_target=None, cmake_target_skip_unavailable=False, cmake_clean_cache=False, cmake_clean_first=False, cmake_force_configure=False, ament_cmake_args=None, catkin_cmake_args=None, catkin_skip_building_tests=False, mixin_files=None, mixin=None, verb_parser=<colcon_mixin.mixin.mixin_argument.MixinArgumentDecorator object at 0x798bba6397e0>, verb_extension=<colcon_core.verb.build.BuildVerb object at 0x798bba736740>, main=<bound method BuildVerb.main of <colcon_core.verb.build.BuildVerb object at 0x798bba736740>>, mixin_verb=('build',))
[0.330s] Level 1:colcon.colcon_core.package_discovery:discover_packages(colcon_meta) check parameters
[0.330s] Level 1:colcon.colcon_core.package_discovery:discover_packages(recursive) check parameters
[0.330s] Level 1:colcon.colcon_core.package_discovery:discover_packages(ignore) check parameters
[0.330s] Level 1:colcon.colcon_core.package_discovery:discover_packages(path) check parameters
[0.330s] Level 1:colcon.colcon_core.package_discovery:discover_packages(colcon_meta) discover
[0.330s] Level 1:colcon.colcon_core.package_discovery:discover_packages(recursive) discover
[0.330s] INFO:colcon.colcon_core.package_discovery:Crawling recursively for packages in '/home/admin/Projects/ros2-examples-ads/ads_example_package'
[0.330s] Level 1:colcon.colcon_core.package_identification:_identify(.) by extensions ['ignore', 'ignore_ament_install']
[0.330s] Level 1:colcon.colcon_core.package_identification:_identify(.) by extension 'ignore'
[0.330s] Level 1:colcon.colcon_core.package_identification:_identify(.) by extension 'ignore_ament_install'
[0.330s] Level 1:colcon.colcon_core.package_identification:_identify(.) by extensions ['colcon_pkg']
[0.330s] Level 1:colcon.colcon_core.package_identification:_identify(.) by extension 'colcon_pkg'
[0.330s] Level 1:colcon.colcon_core.package_identification:_identify(.) by extensions ['colcon_meta']
[0.330s] Level 1:colcon.colcon_core.package_identification:_identify(.) by extension 'colcon_meta'
[0.331s] Level 1:colcon.colcon_core.package_identification:_identify(.) by extensions ['ros']
[0.331s] Level 1:colcon.colcon_core.package_identification:_identify(.) by extension 'ros'
[0.343s] DEBUG:colcon.colcon_core.package_identification:Package '.' with type 'ros.ament_cmake' and name 'ads_example_package'
[0.343s] Level 1:colcon.colcon_core.package_discovery:discover_packages(recursive) using defaults
[0.343s] Level 1:colcon.colcon_core.package_discovery:discover_packages(ignore) discover
[0.343s] Level 1:colcon.colcon_core.package_discovery:discover_packages(ignore) using defaults
[0.343s] Level 1:colcon.colcon_core.package_discovery:discover_packages(path) discover
[0.343s] Level 1:colcon.colcon_core.package_discovery:discover_packages(path) using defaults
[0.364s] Level 1:colcon.colcon_core.package_discovery:discover_packages(prefix_path) check parameters
[0.364s] Level 1:colcon.colcon_core.package_discovery:discover_packages(prefix_path) discover
[0.366s] Level 1:colcon.colcon_core.package_discovery:discover_packages(prefix_path) using defaults
[0.367s] Level 5:colcon.colcon_core.verb:set package 'ads_example_package' build argument 'cmake_args' from command line to 'None'
[0.367s] Level 5:colcon.colcon_core.verb:set package 'ads_example_package' build argument 'cmake_target' from command line to 'None'
[0.367s] Level 5:colcon.colcon_core.verb:set package 'ads_example_package' build argument 'cmake_target_skip_unavailable' from command line to 'False'
[0.367s] Level 5:colcon.colcon_core.verb:set package 'ads_example_package' build argument 'cmake_clean_cache' from command line to 'False'
[0.367s] Level 5:colcon.colcon_core.verb:set package 'ads_example_package' build argument 'cmake_clean_first' from command line to 'False'
[0.367s] Level 5:colcon.colcon_core.verb:set package 'ads_example_package' build argument 'cmake_force_configure' from command line to 'False'
[0.367s] Level 5:colcon.colcon_core.verb:set package 'ads_example_package' build argument 'ament_cmake_args' from command line to 'None'
[0.367s] Level 5:colcon.colcon_core.verb:set package 'ads_example_package' build argument 'catkin_cmake_args' from command line to 'None'
[0.367s] Level 5:colcon.colcon_core.verb:set package 'ads_example_package' build argument 'catkin_skip_building_tests' from command line to 'False'
[0.367s] DEBUG:colcon.colcon_core.verb:Building package 'ads_example_package' with the following arguments: {'ament_cmake_args': None, 'build_base': '/home/admin/Projects/ros2-examples-ads/ads_example_package/build/ads_example_package', 'catkin_cmake_args': None, 'catkin_skip_building_tests': False, 'cmake_args': None, 'cmake_clean_cache': False, 'cmake_clean_first': False, 'cmake_force_configure': False, 'cmake_target': None, 'cmake_target_skip_unavailable': False, 'install_base': '/home/admin/Projects/ros2-examples-ads/ads_example_package/install/ads_example_package', 'merge_install': False, 'path': '/home/admin/Projects/ros2-examples-ads/ads_example_package', 'symlink_install': False, 'test_result_base': None}
[0.367s] INFO:colcon.colcon_core.executor:Executing jobs using 'parallel' executor
[0.368s] DEBUG:colcon.colcon_parallel_executor.executor.parallel:run_until_complete
[0.368s] INFO:colcon.colcon_ros.task.ament_cmake.build:Building ROS package in '/home/admin/Projects/ros2-examples-ads/ads_example_package' with build type 'ament_cmake'
[0.368s] INFO:colcon.colcon_cmake.task.cmake.build:Building CMake package in '/home/admin/Projects/ros2-examples-ads/ads_example_package'
[0.373s] INFO:colcon.colcon_core.plugin_system:Skipping extension 'colcon_core.shell.bat': Not used on non-Windows systems
[0.373s] INFO:colcon.colcon_core.shell:Skip shell extension 'powershell' for command environment: Not usable outside of PowerShell
[0.373s] DEBUG:colcon.colcon_core.shell:Skip shell extension 'dsv' for command environment
[0.376s] DEBUG:colcon.colcon_core.event_handler.log_command:Invoking command in '/home/admin/Projects/ros2-examples-ads/ads_example_package/build/ads_example_package': /usr/bin/cmake /home/admin/Projects/ros2-examples-ads/ads_example_package -DCMAKE_INSTALL_PREFIX=/home/admin/Projects/ros2-examples-ads/ads_example_package/install/ads_example_package
[0.675s] DEBUG:colcon.colcon_core.event_handler.log_command:Invoked command in '/home/admin/Projects/ros2-examples-ads/ads_example_package/build/ads_example_package' returned '1': /usr/bin/cmake /home/admin/Projects/ros2-examples-ads/ads_example_package -DCMAKE_INSTALL_PREFIX=/home/admin/Projects/ros2-examples-ads/ads_example_package/install/ads_example_package
[0.682s] Level 1:colcon.colcon_core.environment:create_environment_scripts_only(ads_example_package)
[0.687s] Level 1:colcon.colcon_core.environment:checking '/home/admin/Projects/ros2-examples-ads/ads_example_package/install/ads_example_package' for CMake module files
[0.687s] Level 1:colcon.colcon_core.environment:checking '/home/admin/Projects/ros2-examples-ads/ads_example_package/install/ads_example_package' for CMake config files
[0.688s] Level 1:colcon.colcon_core.environment:checking '/home/admin/Projects/ros2-examples-ads/ads_example_package/install/ads_example_package/bin'
[0.688s] Level 1:colcon.colcon_core.environment:checking '/home/admin/Projects/ros2-examples-ads/ads_example_package/install/ads_example_package/lib/pkgconfig/ads_example_package.pc'
[0.689s] Level 1:colcon.colcon_core.environment:checking '/home/admin/Projects/ros2-examples-ads/ads_example_package/install/ads_example_package/lib/python3.10/site-packages'
[0.689s] Level 1:colcon.colcon_core.environment:checking '/home/admin/Projects/ros2-examples-ads/ads_example_package/install/ads_example_package/bin'
[0.690s] INFO:colcon.colcon_core.shell:Creating package script '/home/admin/Projects/ros2-examples-ads/ads_example_package/install/ads_example_package/share/ads_example_package/package.ps1'
[0.691s] INFO:colcon.colcon_core.shell:Creating package descriptor '/home/admin/Projects/ros2-examples-ads/ads_example_package/install/ads_example_package/share/ads_example_package/package.dsv'
[0.691s] INFO:colcon.colcon_core.shell:Creating package script '/home/admin/Projects/ros2-examples-ads/ads_example_package/install/ads_example_package/share/ads_example_package/package.sh'
[0.692s] INFO:colcon.colcon_core.shell:Creating package script '/home/admin/Projects/ros2-examples-ads/ads_example_package/install/ads_example_package/share/ads_example_package/package.bash'
[0.693s] INFO:colcon.colcon_core.shell:Creating package script '/home/admin/Projects/ros2-examples-ads/ads_example_package/install/ads_example_package/share/ads_example_package/package.zsh'
[0.694s] Level 1:colcon.colcon_core.environment:create_file_with_runtime_dependencies(/home/admin/Projects/ros2-examples-ads/ads_example_package/install/ads_example_package/share/colcon-core/packages/ads_example_package)
[0.704s] DEBUG:colcon.colcon_parallel_executor.executor.parallel:closing loop
[0.704s] DEBUG:colcon.colcon_parallel_executor.executor.parallel:loop closed
[0.704s] DEBUG:colcon.colcon_parallel_executor.executor.parallel:run_until_complete finished with '1'
[0.704s] DEBUG:colcon.colcon_core.event_reactor:joining thread
[0.709s] INFO:colcon.colcon_core.plugin_system:Skipping extension 'colcon_notification.desktop_notification.terminal_notifier': Not used on non-Darwin systems
[0.709s] INFO:colcon.colcon_core.plugin_system:Skipping extension 'colcon_notification.desktop_notification.win32': Not used on non-Windows systems
[0.709s] INFO:colcon.colcon_notification.desktop_notification:Sending desktop notification using 'notify2'
[0.719s] DEBUG:colcon.colcon_core.event_reactor:joined thread
[0.719s] INFO:colcon.colcon_core.shell:Creating prefix script '/home/admin/Projects/ros2-examples-ads/ads_example_package/install/local_setup.ps1'
[0.720s] INFO:colcon.colcon_core.shell:Creating prefix util module '/home/admin/Projects/ros2-examples-ads/ads_example_package/install/_local_setup_util_ps1.py'
[0.722s] INFO:colcon.colcon_core.shell:Creating prefix chain script '/home/admin/Projects/ros2-examples-ads/ads_example_package/install/setup.ps1'
[0.724s] INFO:colcon.colcon_core.shell:Creating prefix script '/home/admin/Projects/ros2-examples-ads/ads_example_package/install/local_setup.sh'
[0.724s] INFO:colcon.colcon_core.shell:Creating prefix util module '/home/admin/Projects/ros2-examples-ads/ads_example_package/install/_local_setup_util_sh.py'
[0.725s] INFO:colcon.colcon_core.shell:Creating prefix chain script '/home/admin/Projects/ros2-examples-ads/ads_example_package/install/setup.sh'
[0.725s] INFO:colcon.colcon_core.shell:Creating prefix script '/home/admin/Projects/ros2-examples-ads/ads_example_package/install/local_setup.bash'
[0.726s] INFO:colcon.colcon_core.shell:Creating prefix chain script '/home/admin/Projects/ros2-examples-ads/ads_example_package/install/setup.bash'
[0.727s] INFO:colcon.colcon_core.shell:Creating prefix script '/home/admin/Projects/ros2-examples-ads/ads_example_package/install/local_setup.zsh'
[0.727s] INFO:colcon.colcon_core.shell:Creating prefix chain script '/home/admin/Projects/ros2-examples-ads/ads_example_package/install/setup.zsh'
