[0.042s] Invoking command in '/home/admin/Projects/ros2-ads/em1500_ads_bridge/build/em1500_ads_bridge': CMAKE_PREFIX_PATH=${CMAKE_PREFIX_PATH}:/home/admin/ros2_humble/install/rqt_bag_plugins:/home/admin/ros2_humble/install/rqt_bag:/home/admin/ros2_humble/install/launch_testing_examples:/home/admin/ros2_humble/install/ros2bag:/home/admin/ros2_humble/install/tracetools_test:/home/admin/ros2_humble/install/tracetools_launch:/home/admin/ros2_humble/install/topic_monitor:/home/admin/ros2_humble/install/tf2_tools:/home/admin/ros2_humble/install/examples_tf2_py:/home/admin/ros2_humble/install/tf2_ros_py:/home/admin/ros2_humble/install/sros2:/home/admin/ros2_humble/install/rqt_topic:/home/admin/ros2_humble/install/rqt_srv:/home/admin/ros2_humble/install/rqt_shell:/home/admin/ros2_humble/install/rqt_service_caller:/home/admin/ros2_humble/install/rqt_reconfigure:/home/admin/ros2_humble/install/rqt_py_console:/home/admin/ros2_humble/install/rqt_publisher:/home/admin/ros2_humble/install/rqt_plot:/home/admin/ros2_humble/install/rqt_action:/home/admin/ros2_humble/install/rqt_msg:/home/admin/ros2_humble/install/rqt_console:/home/admin/ros2_humble/install/rqt:/home/admin/ros2_humble/install/rqt_graph:/home/admin/ros2_humble/install/rqt_gui_py:/home/admin/ros2_humble/install/rqt_gui:/home/admin/ros2_humble/install/ros2trace:/home/admin/ros2_humble/install/ros2topic:/home/admin/ros2_humble/install/ros2test:/home/admin/ros2_humble/install/ros2component:/home/admin/ros2_humble/install/ros2param:/home/admin/ros2_humble/install/ros2lifecycle:/home/admin/ros2_humble/install/ros2service:/home/admin/ros2_humble/install/ros2run:/home/admin/ros2_humble/install/ros2plugin:/home/admin/ros2_humble/install/ros2launch:/home/admin/ros2_humble/install/ros2pkg:/home/admin/ros2_humble/install/ros2node:/home/admin/ros2_humble/install/ros2multicast:/home/admin/ros2_humble/install/ros2interface:/home/admin/ros2_humble/install/ros2doctor:/home/admin/ros2_humble/install/ros2action:/home/admin/ros2_humble/install/ros2cli:/home/admin/ros2_humble/install/quality_of_service_demo_py:/home/admin/ros2_humble/install/lifecycle_py:/home/admin/ros2_humble/install/launch_testing_ros:/home/admin/ros2_humble/install/launch_ros:/home/admin/ros2_humble/install/examples_rclpy_pointcloud_publisher:/home/admin/ros2_humble/install/examples_rclpy_minimal_subscriber:/home/admin/ros2_humble/install/examples_rclpy_minimal_service:/home/admin/ros2_humble/install/examples_rclpy_minimal_publisher:/home/admin/ros2_humble/install/examples_rclpy_minimal_client:/home/admin/ros2_humble/install/examples_rclpy_minimal_action_server:/home/admin/ros2_humble/install/examples_rclpy_minimal_action_client:/home/admin/ros2_humble/install/examples_rclpy_guard_conditions:/home/admin/ros2_humble/install/examples_rclpy_executors:/home/admin/ros2_humble/install/demo_nodes_py:/home/admin/ros2_humble/install/camera_info_manager_py:/home/admin/ros2_humble/install/action_tutorials_py:/home/admin/ros2_humble/install/ament_uncrustify:/home/admin/ros2_humble/install/tracetools_trace:/home/admin/ros2_humble/install/tracetools_read:/home/admin/ros2_humble/install/test_tracetools_launch:/home/admin/ros2_humble/install/test_launch_ros:/home/admin/ros2_humble/install/sensor_msgs_py:/home/admin/ros2_humble/install/rpyutils:/home/admin/ros2_humble/install/rosidl_runtime_py:/home/admin/ros2_humble/install/rosidl_cli:/home/admin/ros2_humble/install/launch_pytest:/home/admin/ros2_humble/install/launch_testing:/home/admin/ros2_humble/install/launch_yaml:/home/admin/ros2_humble/install/launch_xml:/home/admin/ros2_humble/install/launch:/home/admin/ros2_humble/install/osrf_pycommon:/home/admin/ros2_humble/install/domain_coordinator:/home/admin/ros2_humble/install/ament_xmllint:/home/admin/ros2_humble/install/ament_pyflakes:/home/admin/ros2_humble/install/ament_pycodestyle:/home/admin/ros2_humble/install/ament_pep257:/home/admin/ros2_humble/install/ament_pclint:/home/admin/ros2_humble/install/ament_package:/home/admin/ros2_humble/install/ament_mypy:/home/admin/ros2_humble/install/ament_lint_cmake:/home/admin/ros2_humble/install/ament_flake8:/home/admin/ros2_humble/install/ament_copyright:/home/admin/ros2_humble/install/ament_lint:/home/admin/ros2_humble/install/ament_index_python:/home/admin/ros2_humble/install/ament_cpplint:/home/admin/ros2_humble/install/ament_cppcheck:/home/admin/ros2_humble/install/ament_clang_tidy:/home/admin/ros2_humble/install/ament_clang_format /usr/bin/cmake /home/admin/Projects/ros2-ads/em1500_ads_bridge -DCMAKE_INSTALL_PREFIX=/home/admin/Projects/ros2-ads/em1500_ads_bridge/install/em1500_ads_bridge
[0.171s] -- The C compiler identification is GNU 11.4.0
[0.234s] -- The CXX compiler identification is GNU 11.4.0
[0.245s] -- Detecting C compiler ABI info
[0.354s] -- Detecting C compiler ABI info - done
[0.362s] -- Check for working C compiler: /usr/bin/cc - skipped
[0.363s] -- Detecting C compile features
[0.363s] -- Detecting C compile features - done
[0.366s] -- Detecting CXX compiler ABI info
[0.483s] -- Detecting CXX compiler ABI info - done
[0.491s] -- Check for working CXX compiler: /usr/bin/c++ - skipped
[0.491s] -- Detecting CXX compile features
[0.492s] -- Detecting CXX compile features - done
[0.513s] -- Found ament_cmake: 1.3.12 (/home/admin/ros2_humble/install/ament_cmake/share/ament_cmake/cmake)
[1.152s] -- Found Python3: /usr/bin/python3 (found version "3.10.12") found components: Interpreter 
[1.672s] -- Found rclcpp: 16.0.16 (/home/admin/ros2_humble/install/rclcpp/share/rclcpp/cmake)
[1.854s] -- Found rosidl_generator_c: 3.1.7 (/home/admin/ros2_humble/install/rosidl_generator_c/share/rosidl_generator_c/cmake)
[1.883s] -- Found rosidl_adapter: 3.1.7 (/home/admin/ros2_humble/install/rosidl_adapter/share/rosidl_adapter/cmake)
[1.914s] -- Found rosidl_generator_cpp: 3.1.7 (/home/admin/ros2_humble/install/rosidl_generator_cpp/share/rosidl_generator_cpp/cmake)
[1.973s] -- Using all available rosidl_typesupport_c: rosidl_typesupport_introspection_c;rosidl_typesupport_fastrtps_c
[2.046s] -- Using all available rosidl_typesupport_cpp: rosidl_typesupport_introspection_cpp;rosidl_typesupport_fastrtps_cpp
[2.226s] -- Found rmw_implementation_cmake: 6.1.2 (/home/admin/ros2_humble/install/rmw_implementation_cmake/share/rmw_implementation_cmake/cmake)
[2.258s] -- Found rmw_fastrtps_cpp: 6.2.9 (/home/admin/ros2_humble/install/rmw_fastrtps_cpp/share/rmw_fastrtps_cpp/cmake)
[2.510s] -- Found OpenSSL: /usr/lib/x86_64-linux-gnu/libcrypto.so (found version "3.0.2")  
[2.576s] -- Found FastRTPS: /home/admin/ros2_humble/install/fastrtps/include  
[2.694s] -- Using RMW implementation 'rmw_fastrtps_cpp' as default
[2.752s] -- Looking for pthread.h
[2.860s] -- Looking for pthread.h - found
[2.861s] -- Performing Test CMAKE_HAVE_LIBC_PTHREAD
[2.970s] -- Performing Test CMAKE_HAVE_LIBC_PTHREAD - Success
[2.971s] -- Found Threads: TRUE  
[3.128s] -- Found ament_lint_auto: 0.12.14 (/home/admin/ros2_humble/install/ament_lint_auto/share/ament_lint_auto/cmake)
[3.471s] -- Added test 'copyright' to check source files copyright and LICENSE
[3.498s] -- Added test 'cppcheck' to perform static code analysis on C / C++ code
[3.498s] -- Configured cppcheck include dirs: $<BUILD_INTERFACE:/home/admin/Projects/ros2-ads/em1500_ads_bridge/include>;/home/admin/Projects/ros2-ads/em1500_ads_bridge/../ADS/AdsLib
[3.498s] -- Configured cppcheck exclude dirs and/or files: 
[3.523s] -- Added test 'cpplint' to check C / C++ code against the Google style
[3.524s] -- Configured cpplint exclude dirs and/or files: 
[3.532s] -- Added test 'flake8' to check Python code syntax and style conventions
[3.543s] -- Added test 'lint_cmake' to check CMake code style
[3.551s] -- Added test 'pep257' to check Python code against some of the docstring style conventions in PEP 257
[3.576s] -- Added test 'uncrustify' to check C / C++ code style
[3.577s] -- Configured uncrustify additional arguments: 
[3.585s] -- Added test 'xmllint' to check XML markup files
[3.596s] -- Configuring done
[3.599s] [31mCMake Error at CMakeLists.txt:26 (add_executable):
[3.599s]   Cannot find source file:
[3.599s] 
[3.599s]     src/em1500_ads_node.cpp
[3.599s] 
[3.599s]   Tried extensions .c .C .c++ .cc .cpp .cxx .cu .mpp .m .M .mm .ixx .cppm .h
[3.599s]   .hh .h++ .hm .hpp .hxx .in .txx .f .F .for .f77 .f90 .f95 .f03 .hip .ispc
[3.599s] 
[3.599s] [0m
[3.600s] [31mCMake Error at CMakeLists.txt:26 (add_executable):
[3.600s]   No SOURCES given to target: em1500_node
[3.600s] 
[3.600s] [0m
[3.600s] [0mCMake Generate step failed.  Build files cannot be regenerated correctly.[0m
[3.611s] Invoked command in '/home/admin/Projects/ros2-ads/em1500_ads_bridge/build/em1500_ads_bridge' returned '1': CMAKE_PREFIX_PATH=${CMAKE_PREFIX_PATH}:/home/admin/ros2_humble/install/rqt_bag_plugins:/home/admin/ros2_humble/install/rqt_bag:/home/admin/ros2_humble/install/launch_testing_examples:/home/admin/ros2_humble/install/ros2bag:/home/admin/ros2_humble/install/tracetools_test:/home/admin/ros2_humble/install/tracetools_launch:/home/admin/ros2_humble/install/topic_monitor:/home/admin/ros2_humble/install/tf2_tools:/home/admin/ros2_humble/install/examples_tf2_py:/home/admin/ros2_humble/install/tf2_ros_py:/home/admin/ros2_humble/install/sros2:/home/admin/ros2_humble/install/rqt_topic:/home/admin/ros2_humble/install/rqt_srv:/home/admin/ros2_humble/install/rqt_shell:/home/admin/ros2_humble/install/rqt_service_caller:/home/admin/ros2_humble/install/rqt_reconfigure:/home/admin/ros2_humble/install/rqt_py_console:/home/admin/ros2_humble/install/rqt_publisher:/home/admin/ros2_humble/install/rqt_plot:/home/admin/ros2_humble/install/rqt_action:/home/admin/ros2_humble/install/rqt_msg:/home/admin/ros2_humble/install/rqt_console:/home/admin/ros2_humble/install/rqt:/home/admin/ros2_humble/install/rqt_graph:/home/admin/ros2_humble/install/rqt_gui_py:/home/admin/ros2_humble/install/rqt_gui:/home/admin/ros2_humble/install/ros2trace:/home/admin/ros2_humble/install/ros2topic:/home/admin/ros2_humble/install/ros2test:/home/admin/ros2_humble/install/ros2component:/home/admin/ros2_humble/install/ros2param:/home/admin/ros2_humble/install/ros2lifecycle:/home/admin/ros2_humble/install/ros2service:/home/admin/ros2_humble/install/ros2run:/home/admin/ros2_humble/install/ros2plugin:/home/admin/ros2_humble/install/ros2launch:/home/admin/ros2_humble/install/ros2pkg:/home/admin/ros2_humble/install/ros2node:/home/admin/ros2_humble/install/ros2multicast:/home/admin/ros2_humble/install/ros2interface:/home/admin/ros2_humble/install/ros2doctor:/home/admin/ros2_humble/install/ros2action:/home/admin/ros2_humble/install/ros2cli:/home/admin/ros2_humble/install/quality_of_service_demo_py:/home/admin/ros2_humble/install/lifecycle_py:/home/admin/ros2_humble/install/launch_testing_ros:/home/admin/ros2_humble/install/launch_ros:/home/admin/ros2_humble/install/examples_rclpy_pointcloud_publisher:/home/admin/ros2_humble/install/examples_rclpy_minimal_subscriber:/home/admin/ros2_humble/install/examples_rclpy_minimal_service:/home/admin/ros2_humble/install/examples_rclpy_minimal_publisher:/home/admin/ros2_humble/install/examples_rclpy_minimal_client:/home/admin/ros2_humble/install/examples_rclpy_minimal_action_server:/home/admin/ros2_humble/install/examples_rclpy_minimal_action_client:/home/admin/ros2_humble/install/examples_rclpy_guard_conditions:/home/admin/ros2_humble/install/examples_rclpy_executors:/home/admin/ros2_humble/install/demo_nodes_py:/home/admin/ros2_humble/install/camera_info_manager_py:/home/admin/ros2_humble/install/action_tutorials_py:/home/admin/ros2_humble/install/ament_uncrustify:/home/admin/ros2_humble/install/tracetools_trace:/home/admin/ros2_humble/install/tracetools_read:/home/admin/ros2_humble/install/test_tracetools_launch:/home/admin/ros2_humble/install/test_launch_ros:/home/admin/ros2_humble/install/sensor_msgs_py:/home/admin/ros2_humble/install/rpyutils:/home/admin/ros2_humble/install/rosidl_runtime_py:/home/admin/ros2_humble/install/rosidl_cli:/home/admin/ros2_humble/install/launch_pytest:/home/admin/ros2_humble/install/launch_testing:/home/admin/ros2_humble/install/launch_yaml:/home/admin/ros2_humble/install/launch_xml:/home/admin/ros2_humble/install/launch:/home/admin/ros2_humble/install/osrf_pycommon:/home/admin/ros2_humble/install/domain_coordinator:/home/admin/ros2_humble/install/ament_xmllint:/home/admin/ros2_humble/install/ament_pyflakes:/home/admin/ros2_humble/install/ament_pycodestyle:/home/admin/ros2_humble/install/ament_pep257:/home/admin/ros2_humble/install/ament_pclint:/home/admin/ros2_humble/install/ament_package:/home/admin/ros2_humble/install/ament_mypy:/home/admin/ros2_humble/install/ament_lint_cmake:/home/admin/ros2_humble/install/ament_flake8:/home/admin/ros2_humble/install/ament_copyright:/home/admin/ros2_humble/install/ament_lint:/home/admin/ros2_humble/install/ament_index_python:/home/admin/ros2_humble/install/ament_cpplint:/home/admin/ros2_humble/install/ament_cppcheck:/home/admin/ros2_humble/install/ament_clang_tidy:/home/admin/ros2_humble/install/ament_clang_format /usr/bin/cmake /home/admin/Projects/ros2-ads/em1500_ads_bridge -DCMAKE_INSTALL_PREFIX=/home/admin/Projects/ros2-ads/em1500_ads_bridge/install/em1500_ads_bridge
