-- Found ament_cmake: 1.3.12 (/home/admin/ros2_humble/install/ament_cmake/share/ament_cmake/cmake)
-- Found rclcpp: 16.0.16 (/home/admin/ros2_humble/install/rclcpp/share/rclcpp/cmake)
-- Found rosidl_generator_c: 3.1.7 (/home/admin/ros2_humble/install/rosidl_generator_c/share/rosidl_generator_c/cmake)
-- Found rosidl_adapter: 3.1.7 (/home/admin/ros2_humble/install/rosidl_adapter/share/rosidl_adapter/cmake)
-- Found rosidl_generator_cpp: 3.1.7 (/home/admin/ros2_humble/install/rosidl_generator_cpp/share/rosidl_generator_cpp/cmake)
-- Using all available rosidl_typesupport_c: rosidl_typesupport_introspection_c;rosidl_typesupport_fastrtps_c
-- Using all available rosidl_typesupport_cpp: rosidl_typesupport_introspection_cpp;rosidl_typesupport_fastrtps_cpp
-- Found rmw_implementation_cmake: 6.1.2 (/home/admin/ros2_humble/install/rmw_implementation_cmake/share/rmw_implementation_cmake/cmake)
-- Found rmw_fastrtps_cpp: 6.2.9 (/home/admin/ros2_humble/install/rmw_fastrtps_cpp/share/rmw_fastrtps_cpp/cmake)
-- Using RMW implementation 'rmw_fastrtps_cpp' as default
-- Found ament_lint_auto: 0.12.14 (/home/admin/ros2_humble/install/ament_lint_auto/share/ament_lint_auto/cmake)
-- Added test 'copyright' to check source files copyright and LICENSE
-- Added test 'cppcheck' to perform static code analysis on C / C++ code
-- Configured cppcheck include dirs: $<BUILD_INTERFACE:/home/admin/Projects/ros2-ads/em1500_ads_bridge/include>;/home/admin/Projects/ros2-ads/em1500_ads_bridge/../ADS/AdsLib
-- Configured cppcheck exclude dirs and/or files: 
-- Added test 'cpplint' to check C / C++ code against the Google style
-- Configured cpplint exclude dirs and/or files: 
-- Added test 'flake8' to check Python code syntax and style conventions
-- Added test 'lint_cmake' to check CMake code style
-- Added test 'pep257' to check Python code against some of the docstring style conventions in PEP 257
-- Added test 'uncrustify' to check C / C++ code style
-- Configured uncrustify additional arguments: 
-- Added test 'xmllint' to check XML markup files
-- Configuring done
-- Generating done
-- Build files have been written to: /home/admin/Projects/ros2-ads/em1500_ads_bridge/build/em1500_ads_bridge
[ 50%] [32mBuilding CXX object CMakeFiles/em1500_node.dir/src/em1500_ads_node.cpp.o[0m
[100%] [32m[1mLinking CXX executable em1500_node[0m
[100%] Built target em1500_node
-- Install configuration: ""
-- Installing: /home/admin/Projects/ros2-ads/em1500_ads_bridge/install/em1500_ads_bridge/lib/em1500_ads_bridge/em1500_node
-- Set runtime path of "/home/admin/Projects/ros2-ads/em1500_ads_bridge/install/em1500_ads_bridge/lib/em1500_ads_bridge/em1500_node" to ""
-- Installing: /home/admin/Projects/ros2-ads/em1500_ads_bridge/install/em1500_ads_bridge/share/ament_index/resource_index/package_run_dependencies/em1500_ads_bridge
-- Installing: /home/admin/Projects/ros2-ads/em1500_ads_bridge/install/em1500_ads_bridge/share/ament_index/resource_index/parent_prefix_path/em1500_ads_bridge
-- Installing: /home/admin/Projects/ros2-ads/em1500_ads_bridge/install/em1500_ads_bridge/share/em1500_ads_bridge/environment/ament_prefix_path.sh
-- Installing: /home/admin/Projects/ros2-ads/em1500_ads_bridge/install/em1500_ads_bridge/share/em1500_ads_bridge/environment/ament_prefix_path.dsv
-- Installing: /home/admin/Projects/ros2-ads/em1500_ads_bridge/install/em1500_ads_bridge/share/em1500_ads_bridge/environment/path.sh
-- Installing: /home/admin/Projects/ros2-ads/em1500_ads_bridge/install/em1500_ads_bridge/share/em1500_ads_bridge/environment/path.dsv
-- Installing: /home/admin/Projects/ros2-ads/em1500_ads_bridge/install/em1500_ads_bridge/share/em1500_ads_bridge/local_setup.bash
-- Installing: /home/admin/Projects/ros2-ads/em1500_ads_bridge/install/em1500_ads_bridge/share/em1500_ads_bridge/local_setup.sh
-- Installing: /home/admin/Projects/ros2-ads/em1500_ads_bridge/install/em1500_ads_bridge/share/em1500_ads_bridge/local_setup.zsh
-- Installing: /home/admin/Projects/ros2-ads/em1500_ads_bridge/install/em1500_ads_bridge/share/em1500_ads_bridge/local_setup.dsv
-- Installing: /home/admin/Projects/ros2-ads/em1500_ads_bridge/install/em1500_ads_bridge/share/em1500_ads_bridge/package.dsv
-- Installing: /home/admin/Projects/ros2-ads/em1500_ads_bridge/install/em1500_ads_bridge/share/ament_index/resource_index/packages/em1500_ads_bridge
-- Installing: /home/admin/Projects/ros2-ads/em1500_ads_bridge/install/em1500_ads_bridge/share/em1500_ads_bridge/cmake/em1500_ads_bridgeConfig.cmake
-- Installing: /home/admin/Projects/ros2-ads/em1500_ads_bridge/install/em1500_ads_bridge/share/em1500_ads_bridge/cmake/em1500_ads_bridgeConfig-version.cmake
-- Installing: /home/admin/Projects/ros2-ads/em1500_ads_bridge/install/em1500_ads_bridge/share/em1500_ads_bridge/package.xml
