-- Found ament_cmake: 1.3.12 (/home/admin/ros2_humble/install/ament_cmake/share/ament_cmake/cmake)
-- Found ament_lint_auto: 0.12.14 (/home/admin/ros2_humble/install/ament_lint_auto/share/ament_lint_auto/cmake)
-- Added test 'copyright' to check source files copyright and LICENSE
-- Added test 'cppcheck' to perform static code analysis on C / C++ code
-- Configured cppcheck include dirs: $<BUILD_INTERFACE:/home/admin/Projects/ros2-examples-ads/ads_example_package/include>;/home/admin/Projects/ros2-examples-ads/ads_example_package/../ADS/AdsLib
-- Configured cppcheck exclude dirs and/or files: 
-- Added test 'cpplint' to check C / C++ code against the Google style
-- Configured cpplint exclude dirs and/or files: 
-- Added test 'flake8' to check Python code syntax and style conventions
-- Added test 'lint_cmake' to check CMake code style
-- Added test 'pep257' to check Python code against some of the docstring style conventions in PEP 257
-- Added test 'uncrustify' to check C / C++ code style
-- Configured uncrustify additional arguments: 
-- Added test 'xmllint' to check XML markup files
-- Configuring done
-- Generating done
-- Build files have been written to: /home/admin/Projects/ros2-examples-ads/ads_example_package/build/ads_example_package
[35m[1mConsolidate compiler generated dependencies of target ads_node[0m
[ 50%] [32mBuilding CXX object CMakeFiles/ads_node.dir/src/ads_node.cpp.o[0m
[100%] [32m[1mLinking CXX executable ads_node[0m
[100%] Built target ads_node
-- Install configuration: ""
-- Installing: /home/admin/Projects/ros2-examples-ads/ads_example_package/install/ads_example_package/lib/ads_example_package/ads_node
-- Up-to-date: /home/admin/Projects/ros2-examples-ads/ads_example_package/install/ads_example_package/share/ament_index/resource_index/package_run_dependencies/ads_example_package
-- Installing: /home/admin/Projects/ros2-examples-ads/ads_example_package/install/ads_example_package/share/ament_index/resource_index/parent_prefix_path/ads_example_package
-- Installing: /home/admin/Projects/ros2-examples-ads/ads_example_package/install/ads_example_package/share/ads_example_package/environment/ament_prefix_path.dsv
-- Installing: /home/admin/Projects/ros2-examples-ads/ads_example_package/install/ads_example_package/share/ads_example_package/environment/path.dsv
-- Up-to-date: /home/admin/Projects/ros2-examples-ads/ads_example_package/install/ads_example_package/share/ads_example_package/local_setup.bash
-- Up-to-date: /home/admin/Projects/ros2-examples-ads/ads_example_package/install/ads_example_package/share/ads_example_package/local_setup.sh
-- Up-to-date: /home/admin/Projects/ros2-examples-ads/ads_example_package/install/ads_example_package/share/ads_example_package/local_setup.zsh
-- Installing: /home/admin/Projects/ros2-examples-ads/ads_example_package/install/ads_example_package/share/ads_example_package/local_setup.dsv
-- Installing: /home/admin/Projects/ros2-examples-ads/ads_example_package/install/ads_example_package/share/ads_example_package/package.dsv
-- Up-to-date: /home/admin/Projects/ros2-examples-ads/ads_example_package/install/ads_example_package/share/ament_index/resource_index/packages/ads_example_package
-- Up-to-date: /home/admin/Projects/ros2-examples-ads/ads_example_package/install/ads_example_package/share/ads_example_package/cmake/ads_example_packageConfig.cmake
-- Up-to-date: /home/admin/Projects/ros2-examples-ads/ads_example_package/install/ads_example_package/share/ads_example_package/cmake/ads_example_packageConfig-version.cmake
-- Up-to-date: /home/admin/Projects/ros2-examples-ads/ads_example_package/install/ads_example_package/share/ads_example_package/package.xml
